<?xml version="1.0" ?>
<!DOCTYPE coverage SYSTEM "http://cobertura.sourceforge.net/xml/coverage-04.dtd">
<coverage lines-valid="390"  lines-covered="306"  line-rate="0.7846"  branches-valid="56"  branches-covered="30"  branch-rate="0.5357"  timestamp="1478328983544" complexity="0" version="0.1">
<sources>
	<source>/Users/arnauddupeyrat/Desktop/master-sw/sweng-team-go/sweng-server</source>
</sources>
<packages>
	<package name="sweng-server"  line-rate="0.7692"  branch-rate="0.25" >
	<classes>
		<class name="app.js"  filename="app.js"  line-rate="0.7692"  branch-rate="0.25" >
		<methods>
			<method name="(anonymous_1)"  hits="0"  signature="()V" >
				<lines><line number="55"  hits="0" /></lines>
			</method>
			<method name="(anonymous_2)"  hits="0"  signature="()V" >
				<lines><line number="66"  hits="0" /></lines>
			</method>
			<method name="(anonymous_3)"  hits="0"  signature="()V" >
				<lines><line number="77"  hits="0" /></lines>
			</method>
		</methods>
		<lines>
			<line number="3"  hits="1"  branch="false" />
			<line number="4"  hits="1"  branch="false" />
			<line number="5"  hits="1"  branch="false" />
			<line number="6"  hits="1"  branch="false" />
			<line number="7"  hits="1"  branch="false" />
			<line number="8"  hits="1"  branch="false" />
			<line number="9"  hits="1"  branch="false" />
			<line number="14"  hits="1"  branch="false" />
			<line number="17"  hits="1"  branch="false" />
			<line number="18"  hits="1"  branch="false" />
			<line number="19"  hits="1"  branch="false" />
			<line number="20"  hits="1"  branch="false" />
			<line number="21"  hits="1"  branch="false" />
			<line number="22"  hits="1"  branch="false" />
			<line number="25"  hits="1"  branch="true"  condition-coverage="50% (1/2)" />
			<line number="26"  hits="0"  branch="false" />
			<line number="34"  hits="1"  branch="false" />
			<line number="36"  hits="1"  branch="false" />
			<line number="40"  hits="1"  branch="false" />
			<line number="41"  hits="1"  branch="false" />
			<line number="42"  hits="1"  branch="false" />
			<line number="44"  hits="1"  branch="false" />
			<line number="45"  hits="1"  branch="false" />
			<line number="46"  hits="1"  branch="false" />
			<line number="49"  hits="1"  branch="false" />
			<line number="50"  hits="1"  branch="false" />
			<line number="52"  hits="1"  branch="false" />
			<line number="55"  hits="1"  branch="false" />
			<line number="56"  hits="0"  branch="false" />
			<line number="57"  hits="0"  branch="false" />
			<line number="58"  hits="0"  branch="false" />
			<line number="65"  hits="1"  branch="true"  condition-coverage="50% (1/2)" />
			<line number="66"  hits="0"  branch="false" />
			<line number="67"  hits="0"  branch="true"  condition-coverage="0% (0/2)" />
			<line number="68"  hits="0"  branch="false" />
			<line number="77"  hits="1"  branch="false" />
			<line number="78"  hits="0"  branch="true"  condition-coverage="0% (0/2)" />
			<line number="79"  hits="0"  branch="false" />
			<line number="86"  hits="1"  branch="false" />
		</lines>
		</class>
	</classes>
	</package>
	<package name="sweng-server.apiControler.database"  line-rate="0.8679000000000001"  branch-rate="0.5" >
	<classes>
		<class name="SequelizeORM.js"  filename="apiControler/database/SequelizeORM.js"  line-rate="0.8787999999999999"  branch-rate="0.5" >
		<methods>
			<method name="BaseDeDonnee"  hits="1"  signature="()V" >
				<lines><line number="7"  hits="1" /></lines>
			</method>
			<method name="(anonymous_2)"  hits="1"  signature="()V" >
				<lines><line number="81"  hits="1" /></lines>
			</method>
			<method name="(anonymous_3)"  hits="1"  signature="()V" >
				<lines><line number="87"  hits="1" /></lines>
			</method>
			<method name="(anonymous_4)"  hits="1"  signature="()V" >
				<lines><line number="90"  hits="1" /></lines>
			</method>
			<method name="(anonymous_5)"  hits="0"  signature="()V" >
				<lines><line number="94"  hits="0" /></lines>
			</method>
			<method name="(anonymous_6)"  hits="1"  signature="()V" >
				<lines><line number="97"  hits="1" /></lines>
			</method>
		</methods>
		<lines>
			<line number="1"  hits="1"  branch="false" />
			<line number="2"  hits="1"  branch="false" />
			<line number="3"  hits="1"  branch="false" />
			<line number="4"  hits="1"  branch="false" />
			<line number="5"  hits="1"  branch="false" />
			<line number="7"  hits="1"  branch="false" />
			<line number="10"  hits="1"  branch="false" />
			<line number="11"  hits="1"  branch="false" />
			<line number="13"  hits="1"  branch="true"  condition-coverage="50% (1/2)" />
			<line number="14"  hits="0"  branch="false" />
			<line number="15"  hits="0"  branch="false" />
			<line number="16"  hits="0"  branch="false" />
			<line number="25"  hits="1"  branch="false" />
			<line number="26"  hits="1"  branch="false" />
			<line number="27"  hits="1"  branch="false" />
			<line number="35"  hits="1"  branch="false" />
			<line number="38"  hits="1"  branch="false" />
			<line number="59"  hits="1"  branch="false" />
			<line number="70"  hits="1"  branch="false" />
			<line number="79"  hits="1"  branch="false" />
			<line number="81"  hits="1"  branch="false" />
			<line number="82"  hits="1"  branch="false" />
			<line number="83"  hits="1"  branch="false" />
			<line number="84"  hits="1"  branch="false" />
			<line number="87"  hits="1"  branch="false" />
			<line number="90"  hits="1"  branch="false" />
			<line number="92"  hits="1"  branch="false" />
			<line number="95"  hits="0"  branch="false" />
			<line number="98"  hits="1"  branch="false" />
			<line number="105"  hits="1"  branch="false" />
			<line number="106"  hits="1"  branch="false" />
			<line number="107"  hits="1"  branch="false" />
			<line number="110"  hits="1"  branch="false" />
		</lines>
		</class>
		<class name="postgres.js"  filename="apiControler/database/postgres.js"  line-rate="0.85"  branch-rate="0.5" >
		<methods>
			<method name="BaseDeDonnee"  hits="1"  signature="()V" >
				<lines><line number="5"  hits="1" /></lines>
			</method>
			<method name="(anonymous_2)"  hits="1"  signature="()V" >
				<lines><line number="21"  hits="1" /></lines>
			</method>
			<method name="(anonymous_3)"  hits="1"  signature="()V" >
				<lines><line number="25"  hits="1" /></lines>
			</method>
		</methods>
		<lines>
			<line number="1"  hits="1"  branch="false" />
			<line number="2"  hits="1"  branch="false" />
			<line number="3"  hits="1"  branch="false" />
			<line number="5"  hits="1"  branch="false" />
			<line number="9"  hits="1"  branch="false" />
			<line number="10"  hits="1"  branch="true"  condition-coverage="50% (1/2)" />
			<line number="11"  hits="0"  branch="false" />
			<line number="12"  hits="0"  branch="false" />
			<line number="15"  hits="1"  branch="false" />
			<line number="16"  hits="1"  branch="false" />
			<line number="20"  hits="1"  branch="false" />
			<line number="21"  hits="1"  branch="false" />
			<line number="24"  hits="1"  branch="false" />
			<line number="25"  hits="1"  branch="false" />
			<line number="28"  hits="1"  branch="true"  condition-coverage="50% (1/2)" />
			<line number="30"  hits="0"  branch="false" />
			<line number="34"  hits="1"  branch="false" />
			<line number="35"  hits="1"  branch="false" />
			<line number="41"  hits="1"  branch="false" />
			<line number="43"  hits="1"  branch="false" />
		</lines>
		</class>
	</classes>
	</package>
	<package name="sweng-server.apiControler.model"  line-rate="0.75"  branch-rate="0.7" >
	<classes>
		<class name="musicModel.js"  filename="apiControler/model/musicModel.js"  line-rate="0.9091"  branch-rate="0.8332999999999999" >
		<methods>
			<method name="controlerMusic"  hits="1"  signature="()V" >
				<lines><line number="22"  hits="1" /></lines>
			</method>
			<method name="(anonymous_2)"  hits="2"  signature="()V" >
				<lines><line number="25"  hits="2" /></lines>
			</method>
			<method name="(anonymous_3)"  hits="2"  signature="()V" >
				<lines><line number="30"  hits="2" /></lines>
			</method>
			<method name="(anonymous_4)"  hits="2"  signature="()V" >
				<lines><line number="38"  hits="2" /></lines>
			</method>
			<method name="(anonymous_5)"  hits="1"  signature="()V" >
				<lines><line number="43"  hits="1" /></lines>
			</method>
			<method name="(anonymous_6)"  hits="3"  signature="()V" >
				<lines><line number="51"  hits="3" /></lines>
			</method>
			<method name="(anonymous_7)"  hits="3"  signature="()V" >
				<lines><line number="54"  hits="3" /></lines>
			</method>
			<method name="(anonymous_8)"  hits="3"  signature="()V" >
				<lines><line number="86"  hits="3" /></lines>
			</method>
			<method name="(anonymous_9)"  hits="3"  signature="()V" >
				<lines><line number="96"  hits="3" /></lines>
			</method>
			<method name="(anonymous_10)"  hits="3"  signature="()V" >
				<lines><line number="99"  hits="3" /></lines>
			</method>
			<method name="(anonymous_11)"  hits="3"  signature="()V" >
				<lines><line number="106"  hits="3" /></lines>
			</method>
			<method name="(anonymous_12)"  hits="0"  signature="()V" >
				<lines><line number="114"  hits="0" /></lines>
			</method>
			<method name="(anonymous_13)"  hits="0"  signature="()V" >
				<lines><line number="121"  hits="0" /></lines>
			</method>
			<method name="(anonymous_14)"  hits="3"  signature="()V" >
				<lines><line number="133"  hits="3" /></lines>
			</method>
		</methods>
		<lines>
			<line number="2"  hits="1"  branch="false" />
			<line number="3"  hits="1"  branch="false" />
			<line number="4"  hits="1"  branch="false" />
			<line number="5"  hits="1"  branch="false" />
			<line number="6"  hits="1"  branch="false" />
			<line number="7"  hits="1"  branch="false" />
			<line number="8"  hits="1"  branch="false" />
			<line number="12"  hits="1"  branch="false" />
			<line number="13"  hits="1"  branch="false" />
			<line number="14"  hits="1"  branch="false" />
			<line number="17"  hits="1"  branch="false" />
			<line number="22"  hits="1"  branch="false" />
			<line number="25"  hits="1"  branch="false" />
			<line number="27"  hits="2"  branch="false" />
			<line number="30"  hits="2"  branch="false" />
			<line number="33"  hits="2"  branch="false" />
			<line number="40"  hits="2"  branch="false" />
			<line number="41"  hits="1"  branch="false" />
			<line number="44"  hits="1"  branch="false" />
			<line number="45"  hits="1"  branch="false" />
			<line number="51"  hits="1"  branch="false" />
			<line number="54"  hits="3"  branch="false" />
			<line number="57"  hits="3"  branch="true"  condition-coverage="50% (1/2)" />
			<line number="58"  hits="0"  branch="false" />
			<line number="61"  hits="3"  branch="false" />
			<line number="64"  hits="3"  branch="false" />
			<line number="66"  hits="116"  branch="true"  condition-coverage="100% (2/2)" />
			<line number="67"  hits="1"  branch="false" />
			<line number="74"  hits="116"  branch="true"  condition-coverage="100% (2/2)" />
			<line number="75"  hits="4"  branch="false" />
			<line number="78"  hits="116"  branch="true"  condition-coverage="100% (2/2)" />
			<line number="79"  hits="2"  branch="false" />
			<line number="81"  hits="116"  branch="false" />
			<line number="86"  hits="3"  branch="false" />
			<line number="89"  hits="3"  branch="false" />
			<line number="97"  hits="3"  branch="false" />
			<line number="99"  hits="3"  branch="false" />
			<line number="101"  hits="3"  branch="false" />
			<line number="109"  hits="3"  branch="false" />
			<line number="110"  hits="3"  branch="false" />
			<line number="111"  hits="3"  branch="false" />
			<line number="112"  hits="3"  branch="false" />
			<line number="115"  hits="0"  branch="false" />
			<line number="116"  hits="0"  branch="false" />
			<line number="122"  hits="0"  branch="false" />
			<line number="123"  hits="0"  branch="false" />
			<line number="133"  hits="1"  branch="false" />
			<line number="134"  hits="3"  branch="true"  condition-coverage="100% (2/2)" />
			<line number="135"  hits="3"  branch="true"  condition-coverage="50% (1/2)" />
			<line number="136"  hits="3"  branch="false" />
			<line number="138"  hits="3"  branch="false" />
			<line number="139"  hits="3"  branch="false" />
			<line number="140"  hits="3"  branch="false" />
			<line number="142"  hits="3"  branch="false" />
			<line number="146"  hits="1"  branch="false" />
		</lines>
		</class>
		<class name="userModel.js"  filename="apiControler/model/userModel.js"  line-rate="0.6726000000000001"  branch-rate="0.5" >
		<methods>
			<method name="controllerUtilisateur"  hits="1"  signature="()V" >
				<lines><line number="25"  hits="1" /></lines>
			</method>
			<method name="(anonymous_2)"  hits="1"  signature="()V" >
				<lines><line number="28"  hits="1" /></lines>
			</method>
			<method name="(anonymous_3)"  hits="1"  signature="()V" >
				<lines><line number="37"  hits="1" /></lines>
			</method>
			<method name="(anonymous_4)"  hits="1"  signature="()V" >
				<lines><line number="49"  hits="1" /></lines>
			</method>
			<method name="(anonymous_5)"  hits="1"  signature="()V" >
				<lines><line number="57"  hits="1" /></lines>
			</method>
			<method name="(anonymous_6)"  hits="0"  signature="()V" >
				<lines><line number="64"  hits="0" /></lines>
			</method>
			<method name="(anonymous_7)"  hits="0"  signature="()V" >
				<lines><line number="71"  hits="0" /></lines>
			</method>
			<method name="(anonymous_8)"  hits="2"  signature="()V" >
				<lines><line number="81"  hits="2" /></lines>
			</method>
			<method name="(anonymous_9)"  hits="2"  signature="()V" >
				<lines><line number="85"  hits="2" /></lines>
			</method>
			<method name="(anonymous_10)"  hits="2"  signature="()V" >
				<lines><line number="91"  hits="2" /></lines>
			</method>
			<method name="(anonymous_11)"  hits="1"  signature="()V" >
				<lines><line number="94"  hits="1" /></lines>
			</method>
			<method name="(anonymous_12)"  hits="0"  signature="()V" >
				<lines><line number="99"  hits="0" /></lines>
			</method>
			<method name="(anonymous_13)"  hits="1"  signature="()V" >
				<lines><line number="104"  hits="1" /></lines>
			</method>
			<method name="(anonymous_14)"  hits="0"  signature="()V" >
				<lines><line number="112"  hits="0" /></lines>
			</method>
			<method name="(anonymous_15)"  hits="0"  signature="()V" >
				<lines><line number="117"  hits="0" /></lines>
			</method>
			<method name="(anonymous_16)"  hits="0"  signature="()V" >
				<lines><line number="124"  hits="0" /></lines>
			</method>
			<method name="(anonymous_17)"  hits="0"  signature="()V" >
				<lines><line number="132"  hits="0" /></lines>
			</method>
			<method name="(anonymous_18)"  hits="2"  signature="()V" >
				<lines><line number="141"  hits="2" /></lines>
			</method>
			<method name="(anonymous_19)"  hits="2"  signature="()V" >
				<lines><line number="146"  hits="2" /></lines>
			</method>
			<method name="(anonymous_20)"  hits="1"  signature="()V" >
				<lines><line number="169"  hits="1" /></lines>
			</method>
			<method name="(anonymous_21)"  hits="1"  signature="()V" >
				<lines><line number="181"  hits="1" /></lines>
			</method>
			<method name="(anonymous_22)"  hits="0"  signature="()V" >
				<lines><line number="197"  hits="0" /></lines>
			</method>
			<method name="(anonymous_23)"  hits="0"  signature="()V" >
				<lines><line number="208"  hits="0" /></lines>
			</method>
			<method name="(anonymous_24)"  hits="0"  signature="()V" >
				<lines><line number="213"  hits="0" /></lines>
			</method>
			<method name="(anonymous_25)"  hits="0"  signature="()V" >
				<lines><line number="224"  hits="0" /></lines>
			</method>
			<method name="(anonymous_26)"  hits="0"  signature="()V" >
				<lines><line number="235"  hits="0" /></lines>
			</method>
			<method name="(anonymous_27)"  hits="2"  signature="()V" >
				<lines><line number="245"  hits="2" /></lines>
			</method>
			<method name="(anonymous_28)"  hits="2"  signature="()V" >
				<lines><line number="250"  hits="2" /></lines>
			</method>
			<method name="(anonymous_29)"  hits="2"  signature="()V" >
				<lines><line number="252"  hits="2" /></lines>
			</method>
			<method name="(anonymous_30)"  hits="2"  signature="()V" >
				<lines><line number="261"  hits="2" /></lines>
			</method>
			<method name="(anonymous_31)"  hits="0"  signature="()V" >
				<lines><line number="266"  hits="0" /></lines>
			</method>
			<method name="(anonymous_32)"  hits="1"  signature="()V" >
				<lines><line number="275"  hits="1" /></lines>
			</method>
			<method name="(anonymous_33)"  hits="1"  signature="()V" >
				<lines><line number="278"  hits="1" /></lines>
			</method>
			<method name="(anonymous_34)"  hits="1"  signature="()V" >
				<lines><line number="290"  hits="1" /></lines>
			</method>
			<method name="(anonymous_35)"  hits="0"  signature="()V" >
				<lines><line number="295"  hits="0" /></lines>
			</method>
			<method name="(anonymous_36)"  hits="4"  signature="()V" >
				<lines><line number="303"  hits="4" /></lines>
			</method>
		</methods>
		<lines>
			<line number="2"  hits="1"  branch="false" />
			<line number="3"  hits="1"  branch="false" />
			<line number="4"  hits="1"  branch="false" />
			<line number="5"  hits="1"  branch="false" />
			<line number="6"  hits="1"  branch="false" />
			<line number="7"  hits="1"  branch="false" />
			<line number="8"  hits="1"  branch="false" />
			<line number="9"  hits="1"  branch="false" />
			<line number="12"  hits="1"  branch="false" />
			<line number="13"  hits="1"  branch="false" />
			<line number="14"  hits="1"  branch="false" />
			<line number="15"  hits="1"  branch="false" />
			<line number="19"  hits="1"  branch="false" />
			<line number="20"  hits="1"  branch="false" />
			<line number="25"  hits="1"  branch="false" />
			<line number="28"  hits="1"  branch="false" />
			<line number="31"  hits="1"  branch="false" />
			<line number="32"  hits="1"  branch="false" />
			<line number="33"  hits="1"  branch="false" />
			<line number="37"  hits="1"  branch="false" />
			<line number="39"  hits="1"  branch="false" />
			<line number="51"  hits="1"  branch="false" />
			<line number="54"  hits="1"  branch="false" />
			<line number="57"  hits="1"  branch="false" />
			<line number="58"  hits="1"  branch="false" />
			<line number="61"  hits="1"  branch="false" />
			<line number="62"  hits="1"  branch="false" />
			<line number="63"  hits="1"  branch="false" />
			<line number="65"  hits="0"  branch="false" />
			<line number="66"  hits="0"  branch="false" />
			<line number="72"  hits="0"  branch="false" />
			<line number="73"  hits="0"  branch="false" />
			<line number="81"  hits="1"  branch="false" />
			<line number="83"  hits="2"  branch="false" />
			<line number="84"  hits="2"  branch="false" />
			<line number="85"  hits="2"  branch="false" />
			<line number="87"  hits="2"  branch="false" />
			<line number="93"  hits="2"  branch="false" />
			<line number="94"  hits="2"  branch="false" />
			<line number="95"  hits="1"  branch="false" />
			<line number="96"  hits="1"  branch="false" />
			<line number="97"  hits="1"  branch="false" />
			<line number="98"  hits="1"  branch="false" />
			<line number="100"  hits="0"  branch="false" />
			<line number="101"  hits="0"  branch="false" />
			<line number="105"  hits="1"  branch="false" />
			<line number="106"  hits="1"  branch="false" />
			<line number="112"  hits="1"  branch="false" />
			<line number="114"  hits="0"  branch="false" />
			<line number="115"  hits="0"  branch="false" />
			<line number="117"  hits="0"  branch="false" />
			<line number="119"  hits="0"  branch="false" />
			<line number="126"  hits="0"  branch="false" />
			<line number="127"  hits="0"  branch="false" />
			<line number="128"  hits="0"  branch="false" />
			<line number="129"  hits="0"  branch="false" />
			<line number="130"  hits="0"  branch="false" />
			<line number="134"  hits="0"  branch="false" />
			<line number="135"  hits="0"  branch="false" />
			<line number="141"  hits="1"  branch="false" />
			<line number="143"  hits="2"  branch="false" />
			<line number="146"  hits="2"  branch="false" />
			<line number="149"  hits="2"  branch="true"  condition-coverage="100% (2/2)" />
			<line number="150"  hits="1"  branch="false" />
			<line number="154"  hits="1"  branch="false" />
			<line number="156"  hits="1"  branch="false" />
			<line number="158"  hits="1"  branch="false" />
			<line number="160"  hits="1"  branch="false" />
			<line number="161"  hits="1"  branch="true"  condition-coverage="50% (1/2)" />
			<line number="162"  hits="1"  branch="false" />
			<line number="165"  hits="0"  branch="false" />
			<line number="169"  hits="1"  branch="false" />
			<line number="171"  hits="1"  branch="false" />
			<line number="182"  hits="1"  branch="false" />
			<line number="186"  hits="1"  branch="true"  condition-coverage="50% (1/2)" />
			<line number="187"  hits="1"  branch="false" />
			<line number="188"  hits="1"  branch="false" />
			<line number="192"  hits="0"  branch="false" />
			<line number="193"  hits="0"  branch="false" />
			<line number="198"  hits="0"  branch="false" />
			<line number="199"  hits="0"  branch="false" />
			<line number="208"  hits="1"  branch="false" />
			<line number="209"  hits="0"  branch="false" />
			<line number="210"  hits="0"  branch="false" />
			<line number="213"  hits="0"  branch="false" />
			<line number="215"  hits="0"  branch="false" />
			<line number="226"  hits="0"  branch="true"  condition-coverage="0% (0/2)" />
			<line number="227"  hits="0"  branch="false" />
			<line number="228"  hits="0"  branch="false" />
			<line number="232"  hits="0"  branch="false" />
			<line number="233"  hits="0"  branch="false" />
			<line number="236"  hits="0"  branch="false" />
			<line number="237"  hits="0"  branch="false" />
			<line number="245"  hits="1"  branch="false" />
			<line number="246"  hits="2"  branch="false" />
			<line number="247"  hits="2"  branch="false" />
			<line number="250"  hits="1"  branch="false" />
			<line number="252"  hits="2"  branch="false" />
			<line number="255"  hits="2"  branch="false" />
			<line number="262"  hits="2"  branch="false" />
			<line number="263"  hits="2"  branch="false" />
			<line number="267"  hits="0"  branch="false" />
			<line number="268"  hits="0"  branch="false" />
			<line number="275"  hits="1"  branch="false" />
			<line number="278"  hits="1"  branch="false" />
			<line number="280"  hits="1"  branch="false" />
			<line number="291"  hits="1"  branch="false" />
			<line number="292"  hits="1"  branch="false" />
			<line number="296"  hits="0"  branch="false" />
			<line number="297"  hits="0"  branch="false" />
			<line number="303"  hits="1"  branch="false" />
			<line number="304"  hits="4"  branch="false" />
			<line number="308"  hits="1"  branch="false" />
		</lines>
		</class>
	</classes>
	</package>
	<package name="sweng-server.apiControler.object"  line-rate="1"  branch-rate="1" >
	<classes>
		<class name="music.js"  filename="apiControler/object/music.js"  line-rate="1"  branch-rate="1" >
		<methods>
			<method name="MusicDto"  hits="1"  signature="()V" >
				<lines><line number="3"  hits="1" /></lines>
			</method>
			<method name="(anonymous_2)"  hits="5"  signature="()V" >
				<lines><line number="6"  hits="5" /></lines>
			</method>
		</methods>
		<lines>
			<line number="1"  hits="1"  branch="false" />
			<line number="3"  hits="1"  branch="false" />
			<line number="6"  hits="1"  branch="false" />
			<line number="8"  hits="5"  branch="false" />
			<line number="10"  hits="5"  branch="false" />
			<line number="11"  hits="5"  branch="false" />
			<line number="12"  hits="5"  branch="false" />
			<line number="13"  hits="5"  branch="false" />
			<line number="20"  hits="1"  branch="false" />
		</lines>
		</class>
		<class name="user.js"  filename="apiControler/object/user.js"  line-rate="1"  branch-rate="1" >
		<methods>
			<method name="UserDto"  hits="1"  signature="()V" >
				<lines><line number="3"  hits="1" /></lines>
			</method>
			<method name="(anonymous_2)"  hits="3"  signature="()V" >
				<lines><line number="6"  hits="3" /></lines>
			</method>
			<method name="(anonymous_3)"  hits="3"  signature="()V" >
				<lines><line number="26"  hits="3" /></lines>
			</method>
			<method name="(anonymous_4)"  hits="3"  signature="()V" >
				<lines><line number="33"  hits="3" /></lines>
			</method>
		</methods>
		<lines>
			<line number="1"  hits="1"  branch="false" />
			<line number="3"  hits="1"  branch="false" />
			<line number="6"  hits="1"  branch="false" />
			<line number="8"  hits="3"  branch="false" />
			<line number="9"  hits="3"  branch="false" />
			<line number="15"  hits="3"  branch="false" />
			<line number="17"  hits="3"  branch="false" />
			<line number="18"  hits="3"  branch="false" />
			<line number="19"  hits="3"  branch="false" />
			<line number="21"  hits="3"  branch="false" />
			<line number="22"  hits="3"  branch="false" />
			<line number="23"  hits="3"  branch="false" />
			<line number="26"  hits="1"  branch="false" />
			<line number="27"  hits="3"  branch="false" />
			<line number="28"  hits="3"  branch="false" />
			<line number="29"  hits="3"  branch="false" />
			<line number="30"  hits="3"  branch="false" />
			<line number="33"  hits="1"  branch="false" />
			<line number="35"  hits="3"  branch="false" />
			<line number="36"  hits="3"  branch="true"  condition-coverage="100% (2/2)" />
			<line number="37"  hits="2"  branch="false" />
			<line number="40"  hits="1"  branch="false" />
			<line number="41"  hits="1"  branch="false" />
			<line number="42"  hits="1"  branch="false" />
			<line number="49"  hits="1"  branch="false" />
		</lines>
		</class>
	</classes>
	</package>
	<package name="sweng-server.apiControler.routing"  line-rate="0.7077"  branch-rate="0.44439999999999996" >
	<classes>
		<class name="music.js"  filename="apiControler/routing/music.js"  line-rate="0.8946999999999999"  branch-rate="0.5" >
		<methods>
			<method name="(anonymous_1)"  hits="2"  signature="()V" >
				<lines><line number="12"  hits="2" /></lines>
			</method>
			<method name="(anonymous_2)"  hits="2"  signature="()V" >
				<lines><line number="16"  hits="2" /></lines>
			</method>
			<method name="(anonymous_3)"  hits="3"  signature="()V" >
				<lines><line number="25"  hits="3" /></lines>
			</method>
			<method name="(anonymous_4)"  hits="3"  signature="()V" >
				<lines><line number="33"  hits="3" /></lines>
			</method>
		</methods>
		<lines>
			<line number="1"  hits="1"  branch="false" />
			<line number="2"  hits="1"  branch="false" />
			<line number="3"  hits="1"  branch="false" />
			<line number="4"  hits="1"  branch="false" />
			<line number="5"  hits="1"  branch="false" />
			<line number="6"  hits="1"  branch="false" />
			<line number="9"  hits="1"  branch="false" />
			<line number="14"  hits="2"  branch="false" />
			<line number="15"  hits="2"  branch="true"  condition-coverage="50% (1/2)" />
			<line number="16"  hits="2"  branch="false" />
			<line number="17"  hits="2"  branch="false" />
			<line number="21"  hits="0"  branch="false" />
			<line number="27"  hits="3"  branch="false" />
			<line number="28"  hits="3"  branch="false" />
			<line number="31"  hits="3"  branch="true"  condition-coverage="50% (1/2)" />
			<line number="33"  hits="3"  branch="false" />
			<line number="34"  hits="3"  branch="false" />
			<line number="38"  hits="0"  branch="false" />
			<line number="44"  hits="1"  branch="false" />
		</lines>
		</class>
		<class name="users.js"  filename="apiControler/routing/users.js"  line-rate="0.6304"  branch-rate="0.4286" >
		<methods>
			<method name="(anonymous_1)"  hits="2"  signature="()V" >
				<lines><line number="12"  hits="2" /></lines>
			</method>
			<method name="(anonymous_2)"  hits="2"  signature="()V" >
				<lines><line number="20"  hits="2" /></lines>
			</method>
			<method name="(anonymous_3)"  hits="2"  signature="()V" >
				<lines><line number="33"  hits="2" /></lines>
			</method>
			<method name="(anonymous_4)"  hits="2"  signature="()V" >
				<lines><line number="37"  hits="2" /></lines>
			</method>
			<method name="(anonymous_5)"  hits="2"  signature="()V" >
				<lines><line number="47"  hits="2" /></lines>
			</method>
			<method name="(anonymous_6)"  hits="2"  signature="()V" >
				<lines><line number="51"  hits="2" /></lines>
			</method>
			<method name="(anonymous_7)"  hits="1"  signature="()V" >
				<lines><line number="61"  hits="1" /></lines>
			</method>
			<method name="(anonymous_8)"  hits="1"  signature="()V" >
				<lines><line number="66"  hits="1" /></lines>
			</method>
			<method name="(anonymous_9)"  hits="0"  signature="()V" >
				<lines><line number="81"  hits="0" /></lines>
			</method>
			<method name="(anonymous_10)"  hits="0"  signature="()V" >
				<lines><line number="89"  hits="0" /></lines>
			</method>
			<method name="(anonymous_11)"  hits="0"  signature="()V" >
				<lines><line number="101"  hits="0" /></lines>
			</method>
			<method name="(anonymous_12)"  hits="0"  signature="()V" >
				<lines><line number="109"  hits="0" /></lines>
			</method>
		</methods>
		<lines>
			<line number="1"  hits="1"  branch="false" />
			<line number="2"  hits="1"  branch="false" />
			<line number="3"  hits="1"  branch="false" />
			<line number="4"  hits="1"  branch="false" />
			<line number="5"  hits="1"  branch="false" />
			<line number="6"  hits="1"  branch="false" />
			<line number="9"  hits="1"  branch="false" />
			<line number="14"  hits="2"  branch="false" />
			<line number="15"  hits="2"  branch="false" />
			<line number="18"  hits="2"  branch="true"  condition-coverage="50% (1/2)" />
			<line number="20"  hits="2"  branch="false" />
			<line number="21"  hits="2"  branch="false" />
			<line number="25"  hits="0"  branch="false" />
			<line number="30"  hits="1"  branch="false" />
			<line number="35"  hits="2"  branch="false" />
			<line number="36"  hits="2"  branch="true"  condition-coverage="50% (1/2)" />
			<line number="37"  hits="2"  branch="false" />
			<line number="38"  hits="2"  branch="false" />
			<line number="42"  hits="0"  branch="false" />
			<line number="49"  hits="2"  branch="false" />
			<line number="50"  hits="2"  branch="true"  condition-coverage="50% (1/2)" />
			<line number="51"  hits="2"  branch="false" />
			<line number="52"  hits="2"  branch="false" />
			<line number="56"  hits="0"  branch="false" />
			<line number="63"  hits="1"  branch="false" />
			<line number="64"  hits="1"  branch="false" />
			<line number="65"  hits="1"  branch="true"  condition-coverage="75% (3/4)" />
			<line number="66"  hits="1"  branch="false" />
			<line number="67"  hits="1"  branch="false" />
			<line number="71"  hits="0"  branch="false" />
			<line number="72"  hits="0"  branch="false" />
			<line number="78"  hits="1"  branch="false" />
			<line number="83"  hits="0"  branch="false" />
			<line number="84"  hits="0"  branch="false" />
			<line number="87"  hits="0"  branch="true"  condition-coverage="0% (0/2)" />
			<line number="89"  hits="0"  branch="false" />
			<line number="90"  hits="0"  branch="false" />
			<line number="94"  hits="0"  branch="false" />
			<line number="99"  hits="1"  branch="false" />
			<line number="103"  hits="0"  branch="false" />
			<line number="104"  hits="0"  branch="false" />
			<line number="107"  hits="0"  branch="true"  condition-coverage="0% (0/2)" />
			<line number="109"  hits="0"  branch="false" />
			<line number="110"  hits="0"  branch="false" />
			<line number="114"  hits="0"  branch="false" />
			<line number="119"  hits="1"  branch="false" />
		</lines>
		</class>
	</classes>
	</package>
	<package name="sweng-server.apiControler.utils"  line-rate="0.7391"  branch-rate="0.5" >
	<classes>
		<class name="Constant.js"  filename="apiControler/utils/Constant.js"  line-rate="1"  branch-rate="1" >
		<methods>
		</methods>
		<lines>
			<line number="2"  hits="1"  branch="false" />
		</lines>
		</class>
		<class name="Utils.js"  filename="apiControler/utils/Utils.js"  line-rate="0.7273000000000001"  branch-rate="0.5" >
		<methods>
			<method name="Utils"  hits="1"  signature="()V" >
				<lines><line number="25"  hits="1" /></lines>
			</method>
			<method name="(anonymous_2)"  hits="62"  signature="()V" >
				<lines><line number="28"  hits="62" /></lines>
			</method>
			<method name="(anonymous_3)"  hits="5"  signature="()V" >
				<lines><line number="32"  hits="5" /></lines>
			</method>
			<method name="(anonymous_4)"  hits="0"  signature="()V" >
				<lines><line number="36"  hits="0" /></lines>
			</method>
			<method name="(anonymous_5)"  hits="8"  signature="()V" >
				<lines><line number="40"  hits="8" /></lines>
			</method>
			<method name="(anonymous_6)"  hits="75"  signature="()V" >
				<lines><line number="44"  hits="75" /></lines>
			</method>
			<method name="(anonymous_7)"  hits="0"  signature="()V" >
				<lines><line number="49"  hits="0" /></lines>
			</method>
			<method name="(anonymous_8)"  hits="0"  signature="()V" >
				<lines><line number="55"  hits="0" /></lines>
			</method>
		</methods>
		<lines>
			<line number="1"  hits="1"  branch="false" />
			<line number="7"  hits="1"  branch="true"  condition-coverage="50% (1/2)" />
			<line number="9"  hits="0"  branch="false" />
			<line number="17"  hits="1"  branch="false" />
			<line number="25"  hits="1"  branch="false" />
			<line number="28"  hits="1"  branch="false" />
			<line number="29"  hits="62"  branch="false" />
			<line number="32"  hits="1"  branch="false" />
			<line number="33"  hits="5"  branch="false" />
			<line number="36"  hits="1"  branch="false" />
			<line number="37"  hits="0"  branch="false" />
			<line number="40"  hits="1"  branch="false" />
			<line number="41"  hits="8"  branch="false" />
			<line number="44"  hits="1"  branch="false" />
			<line number="45"  hits="75"  branch="false" />
			<line number="49"  hits="1"  branch="false" />
			<line number="50"  hits="0"  branch="false" />
			<line number="52"  hits="0"  branch="false" />
			<line number="55"  hits="1"  branch="false" />
			<line number="56"  hits="0"  branch="false" />
			<line number="57"  hits="0"  branch="false" />
			<line number="63"  hits="1"  branch="false" />
		</lines>
		</class>
	</classes>
	</package>
	<package name="sweng-server.routes"  line-rate="0.8"  branch-rate="1" >
	<classes>
		<class name="index.js"  filename="routes/index.js"  line-rate="0.8"  branch-rate="1" >
		<methods>
			<method name="(anonymous_1)"  hits="0"  signature="()V" >
				<lines><line number="5"  hits="0" /></lines>
			</method>
		</methods>
		<lines>
			<line number="1"  hits="1"  branch="false" />
			<line number="2"  hits="1"  branch="false" />
			<line number="5"  hits="1"  branch="false" />
			<line number="6"  hits="0"  branch="false" />
			<line number="9"  hits="1"  branch="false" />
		</lines>
		</class>
	</classes>
	</package>
	<package name="sweng-server.setting"  line-rate="1"  branch-rate="1" >
	<classes>
		<class name="database.js"  filename="setting/database.js"  line-rate="1"  branch-rate="1" >
		<methods>
		</methods>
		<lines>
			<line number="2"  hits="1"  branch="false" />
		</lines>
		</class>
		<class name="error.js"  filename="setting/error.js"  line-rate="1"  branch-rate="1" >
		<methods>
		</methods>
		<lines>
			<line number="4"  hits="1"  branch="false" />
		</lines>
		</class>
		<class name="global.js"  filename="setting/global.js"  line-rate="1"  branch-rate="1" >
		<methods>
		</methods>
		<lines>
			<line number="2"  hits="1"  branch="false" />
		</lines>
		</class>
	</classes>
	</package>
</packages>
</coverage>
