{"/Users/arnauddupeyrat/Desktop/master-sw/sweng-team-go/sweng-server/app.js":{"path":"/Users/arnauddupeyrat/Desktop/master-sw/sweng-team-go/sweng-server/app.js","s":{"1":1,"2":1,"3":1,"4":1,"5":1,"6":1,"7":1,"8":1,"9":1,"10":1,"11":1,"12":1,"13":1,"14":1,"15":1,"16":0,"17":1,"18":1,"19":1,"20":1,"21":1,"22":1,"23":1,"24":1,"25":1,"26":1,"27":1,"28":1,"29":0,"30":0,"31":0,"32":1,"33":0,"34":0,"35":0,"36":1,"37":0,"38":0,"39":1},"b":{"1":[0,1],"2":[0,1],"3":[0,0],"4":[0,0]},"f":{"1":0,"2":0,"3":0},"fnMap":{"1":{"name":"(anonymous_1)","line":55,"loc":{"start":{"line":55,"column":8},"end":{"line":55,"column":33}}},"2":{"name":"(anonymous_2)","line":66,"loc":{"start":{"line":66,"column":10},"end":{"line":66,"column":40}}},"3":{"name":"(anonymous_3)","line":77,"loc":{"start":{"line":77,"column":8},"end":{"line":77,"column":38}}}},"statementMap":{"1":{"start":{"line":3,"column":0},"end":{"line":3,"column":33}},"2":{"start":{"line":4,"column":0},"end":{"line":4,"column":27}},"3":{"start":{"line":5,"column":0},"end":{"line":5,"column":39}},"4":{"start":{"line":6,"column":0},"end":{"line":6,"column":31}},"5":{"start":{"line":7,"column":0},"end":{"line":7,"column":44}},"6":{"start":{"line":8,"column":0},"end":{"line":8,"column":40}},"7":{"start":{"line":9,"column":0},"end":{"line":9,"column":53}},"8":{"start":{"line":14,"column":0},"end":{"line":14,"column":20}},"9":{"start":{"line":17,"column":0},"end":{"line":17,"column":48}},"10":{"start":{"line":18,"column":0},"end":{"line":18,"column":31}},"11":{"start":{"line":19,"column":0},"end":{"line":19,"column":27}},"12":{"start":{"line":20,"column":0},"end":{"line":20,"column":52}},"13":{"start":{"line":21,"column":0},"end":{"line":21,"column":24}},"14":{"start":{"line":22,"column":0},"end":{"line":22,"column":56}},"15":{"start":{"line":25,"column":0},"end":{"line":27,"column":1}},"16":{"start":{"line":26,"column":2},"end":{"line":26,"column":25}},"17":{"start":{"line":34,"column":0},"end":{"line":34,"column":70}},"18":{"start":{"line":36,"column":0},"end":{"line":36,"column":37}},"19":{"start":{"line":40,"column":0},"end":{"line":40,"column":53}},"20":{"start":{"line":41,"column":0},"end":{"line":41,"column":70}},"21":{"start":{"line":42,"column":0},"end":{"line":42,"column":70}},"22":{"start":{"line":44,"column":0},"end":{"line":44,"column":21}},"23":{"start":{"line":45,"column":0},"end":{"line":45,"column":39}},"24":{"start":{"line":46,"column":0},"end":{"line":46,"column":34}},"25":{"start":{"line":49,"column":0},"end":{"line":49,"column":60}},"26":{"start":{"line":50,"column":0},"end":{"line":50,"column":62}},"27":{"start":{"line":52,"column":0},"end":{"line":52,"column":21}},"28":{"start":{"line":55,"column":0},"end":{"line":59,"column":3}},"29":{"start":{"line":56,"column":2},"end":{"line":56,"column":35}},"30":{"start":{"line":57,"column":2},"end":{"line":57,"column":19}},"31":{"start":{"line":58,"column":2},"end":{"line":58,"column":12}},"32":{"start":{"line":65,"column":0},"end":{"line":73,"column":1}},"33":{"start":{"line":66,"column":2},"end":{"line":72,"column":5}},"34":{"start":{"line":67,"column":4},"end":{"line":67,"column":34}},"35":{"start":{"line":68,"column":4},"end":{"line":71,"column":7}},"36":{"start":{"line":77,"column":0},"end":{"line":83,"column":3}},"37":{"start":{"line":78,"column":2},"end":{"line":78,"column":32}},"38":{"start":{"line":79,"column":2},"end":{"line":82,"column":5}},"39":{"start":{"line":86,"column":0},"end":{"line":86,"column":21}}},"branchMap":{"1":{"line":25,"type":"if","locations":[{"start":{"line":25,"column":0},"end":{"line":25,"column":0}},{"start":{"line":25,"column":0},"end":{"line":25,"column":0}}]},"2":{"line":65,"type":"if","locations":[{"start":{"line":65,"column":0},"end":{"line":65,"column":0}},{"start":{"line":65,"column":0},"end":{"line":65,"column":0}}]},"3":{"line":67,"type":"binary-expr","locations":[{"start":{"line":67,"column":15},"end":{"line":67,"column":25}},{"start":{"line":67,"column":29},"end":{"line":67,"column":32}}]},"4":{"line":78,"type":"binary-expr","locations":[{"start":{"line":78,"column":13},"end":{"line":78,"column":23}},{"start":{"line":78,"column":27},"end":{"line":78,"column":30}}]}}},"/Users/arnauddupeyrat/Desktop/master-sw/sweng-team-go/sweng-server/apiControler/utils/Utils.js":{"path":"/Users/arnauddupeyrat/Desktop/master-sw/sweng-team-go/sweng-server/apiControler/utils/Utils.js","s":{"1":1,"2":1,"3":0,"4":1,"5":1,"6":1,"7":62,"8":1,"9":5,"10":1,"11":0,"12":1,"13":8,"14":1,"15":75,"16":1,"17":0,"18":0,"19":1,"20":0,"21":0,"22":1},"b":{"1":[0,1]},"f":{"1":1,"2":62,"3":5,"4":0,"5":8,"6":75,"7":0,"8":0},"fnMap":{"1":{"name":"Utils","line":25,"loc":{"start":{"line":25,"column":0},"end":{"line":26,"column":0}}},"2":{"name":"(anonymous_2)","line":28,"loc":{"start":{"line":28,"column":19},"end":{"line":28,"column":42}}},"3":{"name":"(anonymous_3)","line":32,"loc":{"start":{"line":32,"column":20},"end":{"line":32,"column":43}}},"4":{"name":"(anonymous_4)","line":36,"loc":{"start":{"line":36,"column":19},"end":{"line":36,"column":42}}},"5":{"name":"(anonymous_5)","line":40,"loc":{"start":{"line":40,"column":20},"end":{"line":40,"column":42}}},"6":{"name":"(anonymous_6)","line":44,"loc":{"start":{"line":44,"column":15},"end":{"line":44,"column":43}}},"7":{"name":"(anonymous_7)","line":49,"loc":{"start":{"line":49,"column":29},"end":{"line":49,"column":50}}},"8":{"name":"(anonymous_8)","line":55,"loc":{"start":{"line":55,"column":27},"end":{"line":55,"column":47}}}},"statementMap":{"1":{"start":{"line":1,"column":0},"end":{"line":1,"column":33}},"2":{"start":{"line":7,"column":0},"end":{"line":22,"column":1}},"3":{"start":{"line":9,"column":4},"end":{"line":14,"column":7}},"4":{"start":{"line":17,"column":4},"end":{"line":21,"column":7}},"5":{"start":{"line":25,"column":0},"end":{"line":59,"column":1}},"6":{"start":{"line":28,"column":4},"end":{"line":30,"column":5}},"7":{"start":{"line":29,"column":8},"end":{"line":29,"column":38}},"8":{"start":{"line":32,"column":4},"end":{"line":34,"column":5}},"9":{"start":{"line":33,"column":8},"end":{"line":33,"column":39}},"10":{"start":{"line":36,"column":4},"end":{"line":38,"column":5}},"11":{"start":{"line":37,"column":8},"end":{"line":37,"column":38}},"12":{"start":{"line":40,"column":4},"end":{"line":42,"column":5}},"13":{"start":{"line":41,"column":8},"end":{"line":41,"column":39}},"14":{"start":{"line":44,"column":4},"end":{"line":47,"column":5}},"15":{"start":{"line":45,"column":8},"end":{"line":45,"column":38}},"16":{"start":{"line":49,"column":4},"end":{"line":53,"column":5}},"17":{"start":{"line":50,"column":8},"end":{"line":50,"column":41}},"18":{"start":{"line":52,"column":8},"end":{"line":52,"column":37}},"19":{"start":{"line":55,"column":4},"end":{"line":58,"column":5}},"20":{"start":{"line":56,"column":8},"end":{"line":56,"column":40}},"21":{"start":{"line":57,"column":8},"end":{"line":57,"column":32}},"22":{"start":{"line":63,"column":0},"end":{"line":63,"column":30}}},"branchMap":{"1":{"line":7,"type":"if","locations":[{"start":{"line":7,"column":0},"end":{"line":7,"column":0}},{"start":{"line":7,"column":0},"end":{"line":7,"column":0}}]}}},"/Users/arnauddupeyrat/Desktop/master-sw/sweng-team-go/sweng-server/apiControler/database/postgres.js":{"path":"/Users/arnauddupeyrat/Desktop/master-sw/sweng-team-go/sweng-server/apiControler/database/postgres.js","s":{"1":1,"2":1,"3":1,"4":1,"5":1,"6":1,"7":0,"8":0,"9":1,"10":1,"11":1,"12":1,"13":1,"14":1,"15":1,"16":0,"17":1,"18":1,"19":1,"20":1},"b":{"1":[0,1],"2":[0,1]},"f":{"1":1,"2":1,"3":1},"fnMap":{"1":{"name":"BaseDeDonnee","line":5,"loc":{"start":{"line":5,"column":0},"end":{"line":6,"column":0}}},"2":{"name":"(anonymous_2)","line":21,"loc":{"start":{"line":21,"column":30},"end":{"line":22,"column":4}}},"3":{"name":"(anonymous_3)","line":25,"loc":{"start":{"line":25,"column":43},"end":{"line":26,"column":8}}}},"statementMap":{"1":{"start":{"line":1,"column":0},"end":{"line":1,"column":23}},"2":{"start":{"line":2,"column":0},"end":{"line":2,"column":58}},"3":{"start":{"line":3,"column":0},"end":{"line":3,"column":41}},"4":{"start":{"line":5,"column":0},"end":{"line":39,"column":1}},"5":{"start":{"line":9,"column":4},"end":{"line":9,"column":26}},"6":{"start":{"line":10,"column":4},"end":{"line":17,"column":5}},"7":{"start":{"line":11,"column":8},"end":{"line":11,"column":74}},"8":{"start":{"line":12,"column":8},"end":{"line":12,"column":48}},"9":{"start":{"line":15,"column":8},"end":{"line":15,"column":73}},"10":{"start":{"line":16,"column":8},"end":{"line":16,"column":52}},"11":{"start":{"line":20,"column":4},"end":{"line":20,"column":34}},"12":{"start":{"line":21,"column":4},"end":{"line":38,"column":6}},"13":{"start":{"line":24,"column":8},"end":{"line":24,"column":42}},"14":{"start":{"line":25,"column":8},"end":{"line":37,"column":11}},"15":{"start":{"line":28,"column":12},"end":{"line":36,"column":13}},"16":{"start":{"line":30,"column":14},"end":{"line":30,"column":88}},"17":{"start":{"line":34,"column":14},"end":{"line":34,"column":93}},"18":{"start":{"line":35,"column":14},"end":{"line":35,"column":41}},"19":{"start":{"line":41,"column":0},"end":{"line":41,"column":38}},"20":{"start":{"line":43,"column":0},"end":{"line":43,"column":30}}},"branchMap":{"1":{"line":10,"type":"if","locations":[{"start":{"line":10,"column":4},"end":{"line":10,"column":4}},{"start":{"line":10,"column":4},"end":{"line":10,"column":4}}]},"2":{"line":28,"type":"if","locations":[{"start":{"line":28,"column":12},"end":{"line":28,"column":12}},{"start":{"line":28,"column":12},"end":{"line":28,"column":12}}]}}},"/Users/arnauddupeyrat/Desktop/master-sw/sweng-team-go/sweng-server/setting/database.js":{"path":"/Users/arnauddupeyrat/Desktop/master-sw/sweng-team-go/sweng-server/setting/database.js","s":{"1":1},"b":{},"f":{},"fnMap":{},"statementMap":{"1":{"start":{"line":2,"column":0},"end":{"line":18,"column":2}}},"branchMap":{}},"/Users/arnauddupeyrat/Desktop/master-sw/sweng-team-go/sweng-server/routes/index.js":{"path":"/Users/arnauddupeyrat/Desktop/master-sw/sweng-team-go/sweng-server/routes/index.js","s":{"1":1,"2":1,"3":1,"4":0,"5":1},"b":{},"f":{"1":0},"fnMap":{"1":{"name":"(anonymous_1)","line":5,"loc":{"start":{"line":5,"column":16},"end":{"line":5,"column":41}}}},"statementMap":{"1":{"start":{"line":1,"column":0},"end":{"line":1,"column":33}},"2":{"start":{"line":2,"column":0},"end":{"line":2,"column":30}},"3":{"start":{"line":5,"column":0},"end":{"line":7,"column":3}},"4":{"start":{"line":6,"column":2},"end":{"line":6,"column":44}},"5":{"start":{"line":9,"column":0},"end":{"line":9,"column":24}}},"branchMap":{}},"/Users/arnauddupeyrat/Desktop/master-sw/sweng-team-go/sweng-server/apiControler/routing/users.js":{"path":"/Users/arnauddupeyrat/Desktop/master-sw/sweng-team-go/sweng-server/apiControler/routing/users.js","s":{"1":1,"2":1,"3":1,"4":1,"5":1,"6":1,"7":1,"8":2,"9":2,"10":2,"11":2,"12":2,"13":0,"14":1,"15":2,"16":2,"17":2,"18":2,"19":0,"20":2,"21":2,"22":2,"23":2,"24":0,"25":1,"26":1,"27":1,"28":1,"29":1,"30":0,"31":0,"32":1,"33":0,"34":0,"35":0,"36":0,"37":0,"38":0,"39":1,"40":0,"41":0,"42":0,"43":0,"44":0,"45":0,"46":1},"b":{"1":[2,0],"2":[2,0],"3":[2,0],"4":[1,0],"5":[1,1],"6":[0,0],"7":[0,0]},"f":{"1":2,"2":2,"3":2,"4":2,"5":2,"6":2,"7":1,"8":1,"9":0,"10":0,"11":0,"12":0},"fnMap":{"1":{"name":"(anonymous_1)","line":12,"loc":{"start":{"line":12,"column":10},"end":{"line":13,"column":4}}},"2":{"name":"(anonymous_2)","line":20,"loc":{"start":{"line":20,"column":54},"end":{"line":20,"column":81}}},"3":{"name":"(anonymous_3)","line":33,"loc":{"start":{"line":33,"column":9},"end":{"line":34,"column":4}}},"4":{"name":"(anonymous_4)","line":37,"loc":{"start":{"line":37,"column":48},"end":{"line":37,"column":75}}},"5":{"name":"(anonymous_5)","line":47,"loc":{"start":{"line":47,"column":12},"end":{"line":48,"column":4}}},"6":{"name":"(anonymous_6)","line":51,"loc":{"start":{"line":51,"column":51},"end":{"line":51,"column":78}}},"7":{"name":"(anonymous_7)","line":61,"loc":{"start":{"line":61,"column":9},"end":{"line":62,"column":4}}},"8":{"name":"(anonymous_8)","line":66,"loc":{"start":{"line":66,"column":60},"end":{"line":66,"column":87}}},"9":{"name":"(anonymous_9)","line":81,"loc":{"start":{"line":81,"column":10},"end":{"line":82,"column":4}}},"10":{"name":"(anonymous_10)","line":89,"loc":{"start":{"line":89,"column":50},"end":{"line":89,"column":77}}},"11":{"name":"(anonymous_11)","line":101,"loc":{"start":{"line":101,"column":10},"end":{"line":102,"column":4}}},"12":{"name":"(anonymous_12)","line":109,"loc":{"start":{"line":109,"column":50},"end":{"line":109,"column":77}}}},"statementMap":{"1":{"start":{"line":1,"column":0},"end":{"line":1,"column":36}},"2":{"start":{"line":2,"column":0},"end":{"line":2,"column":37}},"3":{"start":{"line":3,"column":0},"end":{"line":3,"column":39}},"4":{"start":{"line":4,"column":0},"end":{"line":4,"column":56}},"5":{"start":{"line":5,"column":0},"end":{"line":5,"column":57}},"6":{"start":{"line":6,"column":0},"end":{"line":6,"column":52}},"7":{"start":{"line":9,"column":0},"end":{"line":27,"column":6}},"8":{"start":{"line":14,"column":8},"end":{"line":14,"column":57}},"9":{"start":{"line":15,"column":8},"end":{"line":15,"column":69}},"10":{"start":{"line":18,"column":5},"end":{"line":26,"column":9}},"11":{"start":{"line":20,"column":6},"end":{"line":22,"column":8}},"12":{"start":{"line":21,"column":6},"end":{"line":21,"column":41}},"13":{"start":{"line":25,"column":11},"end":{"line":25,"column":52}},"14":{"start":{"line":30,"column":0},"end":{"line":74,"column":6}},"15":{"start":{"line":35,"column":8},"end":{"line":35,"column":50}},"16":{"start":{"line":36,"column":8},"end":{"line":43,"column":9}},"17":{"start":{"line":37,"column":12},"end":{"line":39,"column":15}},"18":{"start":{"line":38,"column":16},"end":{"line":38,"column":51}},"19":{"start":{"line":42,"column":11},"end":{"line":42,"column":52}},"20":{"start":{"line":49,"column":8},"end":{"line":49,"column":53}},"21":{"start":{"line":50,"column":8},"end":{"line":57,"column":9}},"22":{"start":{"line":51,"column":12},"end":{"line":53,"column":15}},"23":{"start":{"line":52,"column":16},"end":{"line":52,"column":51}},"24":{"start":{"line":56,"column":11},"end":{"line":56,"column":52}},"25":{"start":{"line":63,"column":8},"end":{"line":63,"column":60}},"26":{"start":{"line":64,"column":8},"end":{"line":64,"column":66}},"27":{"start":{"line":65,"column":8},"end":{"line":73,"column":9}},"28":{"start":{"line":66,"column":12},"end":{"line":68,"column":15}},"29":{"start":{"line":67,"column":16},"end":{"line":67,"column":51}},"30":{"start":{"line":71,"column":11},"end":{"line":71,"column":30}},"31":{"start":{"line":72,"column":11},"end":{"line":72,"column":56}},"32":{"start":{"line":78,"column":0},"end":{"line":96,"column":7}},"33":{"start":{"line":83,"column":8},"end":{"line":83,"column":57}},"34":{"start":{"line":84,"column":8},"end":{"line":84,"column":69}},"35":{"start":{"line":87,"column":8},"end":{"line":95,"column":9}},"36":{"start":{"line":89,"column":12},"end":{"line":91,"column":15}},"37":{"start":{"line":90,"column":16},"end":{"line":90,"column":51}},"38":{"start":{"line":94,"column":11},"end":{"line":94,"column":52}},"39":{"start":{"line":99,"column":0},"end":{"line":116,"column":7}},"40":{"start":{"line":103,"column":8},"end":{"line":103,"column":57}},"41":{"start":{"line":104,"column":8},"end":{"line":104,"column":69}},"42":{"start":{"line":107,"column":8},"end":{"line":115,"column":9}},"43":{"start":{"line":109,"column":12},"end":{"line":111,"column":15}},"44":{"start":{"line":110,"column":16},"end":{"line":110,"column":51}},"45":{"start":{"line":114,"column":11},"end":{"line":114,"column":52}},"46":{"start":{"line":119,"column":0},"end":{"line":119,"column":24}}},"branchMap":{"1":{"line":18,"type":"if","locations":[{"start":{"line":18,"column":5},"end":{"line":18,"column":5}},{"start":{"line":18,"column":5},"end":{"line":18,"column":5}}]},"2":{"line":36,"type":"if","locations":[{"start":{"line":36,"column":8},"end":{"line":36,"column":8}},{"start":{"line":36,"column":8},"end":{"line":36,"column":8}}]},"3":{"line":50,"type":"if","locations":[{"start":{"line":50,"column":8},"end":{"line":50,"column":8}},{"start":{"line":50,"column":8},"end":{"line":50,"column":8}}]},"4":{"line":65,"type":"if","locations":[{"start":{"line":65,"column":8},"end":{"line":65,"column":8}},{"start":{"line":65,"column":8},"end":{"line":65,"column":8}}]},"5":{"line":65,"type":"binary-expr","locations":[{"start":{"line":65,"column":11},"end":{"line":65,"column":32}},{"start":{"line":65,"column":36},"end":{"line":65,"column":72}}]},"6":{"line":87,"type":"if","locations":[{"start":{"line":87,"column":8},"end":{"line":87,"column":8}},{"start":{"line":87,"column":8},"end":{"line":87,"column":8}}]},"7":{"line":107,"type":"if","locations":[{"start":{"line":107,"column":8},"end":{"line":107,"column":8}},{"start":{"line":107,"column":8},"end":{"line":107,"column":8}}]}}},"/Users/arnauddupeyrat/Desktop/master-sw/sweng-team-go/sweng-server/apiControler/model/userModel.js":{"path":"/Users/arnauddupeyrat/Desktop/master-sw/sweng-team-go/sweng-server/apiControler/model/userModel.js","s":{"1":1,"2":1,"3":1,"4":1,"5":1,"6":1,"7":1,"8":1,"9":1,"10":1,"11":1,"12":1,"13":1,"14":1,"15":1,"16":1,"17":1,"18":1,"19":1,"20":1,"21":1,"22":1,"23":1,"24":1,"25":1,"26":1,"27":1,"28":1,"29":0,"30":0,"31":0,"32":0,"33":1,"34":2,"35":2,"36":2,"37":2,"38":2,"39":2,"40":1,"41":1,"42":1,"43":1,"44":0,"45":0,"46":1,"47":1,"48":1,"49":0,"50":0,"51":0,"52":0,"53":0,"54":0,"55":0,"56":0,"57":0,"58":0,"59":0,"60":1,"61":2,"62":2,"63":2,"64":1,"65":1,"66":1,"67":1,"68":1,"69":1,"70":1,"71":0,"72":1,"73":1,"74":1,"75":1,"76":1,"77":1,"78":0,"79":0,"80":0,"81":0,"82":1,"83":0,"84":0,"85":0,"86":0,"87":0,"88":0,"89":0,"90":0,"91":0,"92":0,"93":0,"94":1,"95":2,"96":2,"97":1,"98":2,"99":2,"100":2,"101":2,"102":0,"103":0,"104":1,"105":1,"106":1,"107":1,"108":1,"109":0,"110":0,"111":1,"112":4,"113":1},"b":{"1":[1,1],"2":[1,0],"3":[1,0],"4":[0,0]},"f":{"1":1,"2":1,"3":1,"4":1,"5":1,"6":0,"7":0,"8":2,"9":2,"10":2,"11":1,"12":0,"13":1,"14":0,"15":0,"16":0,"17":0,"18":2,"19":2,"20":1,"21":1,"22":0,"23":0,"24":0,"25":0,"26":0,"27":2,"28":2,"29":2,"30":2,"31":0,"32":1,"33":1,"34":1,"35":0,"36":4},"fnMap":{"1":{"name":"controllerUtilisateur","line":25,"loc":{"start":{"line":25,"column":0},"end":{"line":25,"column":32}}},"2":{"name":"(anonymous_2)","line":28,"loc":{"start":{"line":28,"column":19},"end":{"line":28,"column":56}}},"3":{"name":"(anonymous_3)","line":37,"loc":{"start":{"line":37,"column":41},"end":{"line":37,"column":53}}},"4":{"name":"(anonymous_4)","line":49,"loc":{"start":{"line":49,"column":24},"end":{"line":49,"column":45}}},"5":{"name":"(anonymous_5)","line":57,"loc":{"start":{"line":57,"column":47},"end":{"line":57,"column":73}}},"6":{"name":"(anonymous_6)","line":64,"loc":{"start":{"line":64,"column":27},"end":{"line":64,"column":43}}},"7":{"name":"(anonymous_7)","line":71,"loc":{"start":{"line":71,"column":25},"end":{"line":71,"column":41}}},"8":{"name":"(anonymous_8)","line":81,"loc":{"start":{"line":81,"column":30},"end":{"line":81,"column":54}}},"9":{"name":"(anonymous_9)","line":85,"loc":{"start":{"line":85,"column":23},"end":{"line":85,"column":35}}},"10":{"name":"(anonymous_10)","line":91,"loc":{"start":{"line":91,"column":20},"end":{"line":91,"column":38}}},"11":{"name":"(anonymous_11)","line":94,"loc":{"start":{"line":94,"column":42},"end":{"line":94,"column":68}}},"12":{"name":"(anonymous_12)","line":99,"loc":{"start":{"line":99,"column":25},"end":{"line":99,"column":41}}},"13":{"name":"(anonymous_13)","line":104,"loc":{"start":{"line":104,"column":21},"end":{"line":104,"column":37}}},"14":{"name":"(anonymous_14)","line":112,"loc":{"start":{"line":112,"column":30},"end":{"line":112,"column":54}}},"15":{"name":"(anonymous_15)","line":117,"loc":{"start":{"line":117,"column":23},"end":{"line":117,"column":35}}},"16":{"name":"(anonymous_16)","line":124,"loc":{"start":{"line":124,"column":20},"end":{"line":124,"column":38}}},"17":{"name":"(anonymous_17)","line":132,"loc":{"start":{"line":132,"column":21},"end":{"line":132,"column":37}}},"18":{"name":"(anonymous_18)","line":141,"loc":{"start":{"line":141,"column":36},"end":{"line":142,"column":4}}},"19":{"name":"(anonymous_19)","line":146,"loc":{"start":{"line":146,"column":71},"end":{"line":146,"column":84}}},"20":{"name":"(anonymous_20)","line":169,"loc":{"start":{"line":169,"column":34},"end":{"line":169,"column":46}}},"21":{"name":"(anonymous_21)","line":181,"loc":{"start":{"line":181,"column":26},"end":{"line":181,"column":47}}},"22":{"name":"(anonymous_22)","line":197,"loc":{"start":{"line":197,"column":27},"end":{"line":197,"column":43}}},"23":{"name":"(anonymous_23)","line":208,"loc":{"start":{"line":208,"column":24},"end":{"line":208,"column":53}}},"24":{"name":"(anonymous_24)","line":213,"loc":{"start":{"line":213,"column":38},"end":{"line":213,"column":50}}},"25":{"name":"(anonymous_25)","line":224,"loc":{"start":{"line":224,"column":18},"end":{"line":224,"column":39}}},"26":{"name":"(anonymous_26)","line":235,"loc":{"start":{"line":235,"column":19},"end":{"line":235,"column":35}}},"27":{"name":"(anonymous_27)","line":245,"loc":{"start":{"line":245,"column":19},"end":{"line":245,"column":43}}},"28":{"name":"(anonymous_28)","line":250,"loc":{"start":{"line":250,"column":22},"end":{"line":250,"column":46}}},"29":{"name":"(anonymous_29)","line":252,"loc":{"start":{"line":252,"column":24},"end":{"line":252,"column":36}}},"30":{"name":"(anonymous_30)","line":261,"loc":{"start":{"line":261,"column":18},"end":{"line":261,"column":39}}},"31":{"name":"(anonymous_31)","line":266,"loc":{"start":{"line":266,"column":19},"end":{"line":266,"column":35}}},"32":{"name":"(anonymous_32)","line":275,"loc":{"start":{"line":275,"column":22},"end":{"line":275,"column":55}}},"33":{"name":"(anonymous_33)","line":278,"loc":{"start":{"line":278,"column":38},"end":{"line":278,"column":50}}},"34":{"name":"(anonymous_34)","line":290,"loc":{"start":{"line":290,"column":18},"end":{"line":290,"column":39}}},"35":{"name":"(anonymous_35)","line":295,"loc":{"start":{"line":295,"column":19},"end":{"line":295,"column":35}}},"36":{"name":"(anonymous_36)","line":303,"loc":{"start":{"line":303,"column":31},"end":{"line":303,"column":57}}}},"statementMap":{"1":{"start":{"line":2,"column":0},"end":{"line":2,"column":33}},"2":{"start":{"line":3,"column":0},"end":{"line":3,"column":27}},"3":{"start":{"line":4,"column":0},"end":{"line":4,"column":48}},"4":{"start":{"line":5,"column":0},"end":{"line":5,"column":58}},"5":{"start":{"line":6,"column":0},"end":{"line":6,"column":54}},"6":{"start":{"line":7,"column":0},"end":{"line":7,"column":52}},"7":{"start":{"line":8,"column":0},"end":{"line":8,"column":41}},"8":{"start":{"line":9,"column":0},"end":{"line":9,"column":47}},"9":{"start":{"line":12,"column":0},"end":{"line":12,"column":58}},"10":{"start":{"line":13,"column":0},"end":{"line":13,"column":55}},"11":{"start":{"line":14,"column":0},"end":{"line":14,"column":57}},"12":{"start":{"line":15,"column":0},"end":{"line":15,"column":61}},"13":{"start":{"line":19,"column":0},"end":{"line":19,"column":49}},"14":{"start":{"line":20,"column":0},"end":{"line":20,"column":79}},"15":{"start":{"line":25,"column":0},"end":{"line":306,"column":1}},"16":{"start":{"line":28,"column":2},"end":{"line":77,"column":5}},"17":{"start":{"line":31,"column":10},"end":{"line":31,"column":109}},"18":{"start":{"line":32,"column":10},"end":{"line":32,"column":68}},"19":{"start":{"line":33,"column":10},"end":{"line":33,"column":71}},"20":{"start":{"line":37,"column":10},"end":{"line":76,"column":14}},"21":{"start":{"line":39,"column":16},"end":{"line":74,"column":18}},"22":{"start":{"line":51,"column":18},"end":{"line":51,"column":69}},"23":{"start":{"line":54,"column":18},"end":{"line":54,"column":80}},"24":{"start":{"line":57,"column":18},"end":{"line":67,"column":21}},"25":{"start":{"line":58,"column":22},"end":{"line":58,"column":102}},"26":{"start":{"line":61,"column":22},"end":{"line":61,"column":56}},"27":{"start":{"line":62,"column":22},"end":{"line":62,"column":101}},"28":{"start":{"line":63,"column":22},"end":{"line":63,"column":73}},"29":{"start":{"line":65,"column":22},"end":{"line":65,"column":86}},"30":{"start":{"line":66,"column":22},"end":{"line":66,"column":77}},"31":{"start":{"line":72,"column":21},"end":{"line":72,"column":76}},"32":{"start":{"line":73,"column":20},"end":{"line":73,"column":75}},"33":{"start":{"line":81,"column":2},"end":{"line":109,"column":5}},"34":{"start":{"line":83,"column":6},"end":{"line":83,"column":99}},"35":{"start":{"line":84,"column":6},"end":{"line":84,"column":68}},"36":{"start":{"line":85,"column":6},"end":{"line":108,"column":11}},"37":{"start":{"line":87,"column":9},"end":{"line":107,"column":15}},"38":{"start":{"line":93,"column":16},"end":{"line":93,"column":54}},"39":{"start":{"line":94,"column":16},"end":{"line":102,"column":19}},"40":{"start":{"line":95,"column":20},"end":{"line":95,"column":97}},"41":{"start":{"line":96,"column":20},"end":{"line":96,"column":51}},"42":{"start":{"line":97,"column":20},"end":{"line":97,"column":96}},"43":{"start":{"line":98,"column":20},"end":{"line":98,"column":71}},"44":{"start":{"line":100,"column":20},"end":{"line":100,"column":84}},"45":{"start":{"line":101,"column":20},"end":{"line":101,"column":75}},"46":{"start":{"line":105,"column":16},"end":{"line":105,"column":61}},"47":{"start":{"line":106,"column":16},"end":{"line":106,"column":71}},"48":{"start":{"line":112,"column":2},"end":{"line":138,"column":5}},"49":{"start":{"line":114,"column":6},"end":{"line":114,"column":99}},"50":{"start":{"line":115,"column":6},"end":{"line":115,"column":86}},"51":{"start":{"line":117,"column":6},"end":{"line":137,"column":11}},"52":{"start":{"line":119,"column":9},"end":{"line":136,"column":15}},"53":{"start":{"line":126,"column":16},"end":{"line":126,"column":55}},"54":{"start":{"line":127,"column":16},"end":{"line":127,"column":47}},"55":{"start":{"line":128,"column":16},"end":{"line":128,"column":89}},"56":{"start":{"line":129,"column":16},"end":{"line":129,"column":44}},"57":{"start":{"line":130,"column":16},"end":{"line":130,"column":67}},"58":{"start":{"line":134,"column":16},"end":{"line":134,"column":61}},"59":{"start":{"line":135,"column":16},"end":{"line":135,"column":71}},"60":{"start":{"line":141,"column":4},"end":{"line":206,"column":6}},"61":{"start":{"line":143,"column":8},"end":{"line":143,"column":98}},"62":{"start":{"line":146,"column":8},"end":{"line":205,"column":10}},"63":{"start":{"line":149,"column":10},"end":{"line":203,"column":13}},"64":{"start":{"line":150,"column":11},"end":{"line":150,"column":66}},"65":{"start":{"line":154,"column":16},"end":{"line":154,"column":49}},"66":{"start":{"line":156,"column":16},"end":{"line":156,"column":115}},"67":{"start":{"line":158,"column":16},"end":{"line":158,"column":99}},"68":{"start":{"line":160,"column":16},"end":{"line":160,"column":34}},"69":{"start":{"line":161,"column":16},"end":{"line":166,"column":17}},"70":{"start":{"line":162,"column":18},"end":{"line":162,"column":112}},"71":{"start":{"line":165,"column":18},"end":{"line":165,"column":57}},"72":{"start":{"line":169,"column":15},"end":{"line":202,"column":17}},"73":{"start":{"line":171,"column":21},"end":{"line":200,"column":20}},"74":{"start":{"line":182,"column":22},"end":{"line":182,"column":87}},"75":{"start":{"line":186,"column":22},"end":{"line":194,"column":23}},"76":{"start":{"line":187,"column":24},"end":{"line":187,"column":75}},"77":{"start":{"line":188,"column":24},"end":{"line":188,"column":64}},"78":{"start":{"line":192,"column":26},"end":{"line":192,"column":72}},"79":{"start":{"line":193,"column":26},"end":{"line":193,"column":70}},"80":{"start":{"line":198,"column":23},"end":{"line":198,"column":91}},"81":{"start":{"line":199,"column":23},"end":{"line":199,"column":78}},"82":{"start":{"line":208,"column":2},"end":{"line":243,"column":5}},"83":{"start":{"line":209,"column":6},"end":{"line":209,"column":40}},"84":{"start":{"line":210,"column":6},"end":{"line":210,"column":32}},"85":{"start":{"line":213,"column":7},"end":{"line":240,"column":9}},"86":{"start":{"line":215,"column":12},"end":{"line":238,"column":12}},"87":{"start":{"line":226,"column":14},"end":{"line":234,"column":15}},"88":{"start":{"line":227,"column":16},"end":{"line":227,"column":59}},"89":{"start":{"line":228,"column":16},"end":{"line":228,"column":71}},"90":{"start":{"line":232,"column":18},"end":{"line":232,"column":56}},"91":{"start":{"line":233,"column":18},"end":{"line":233,"column":77}},"92":{"start":{"line":236,"column":15},"end":{"line":236,"column":74}},"93":{"start":{"line":237,"column":16},"end":{"line":237,"column":71}},"94":{"start":{"line":245,"column":4},"end":{"line":248,"column":5}},"95":{"start":{"line":246,"column":6},"end":{"line":246,"column":78}},"96":{"start":{"line":247,"column":6},"end":{"line":247,"column":43}},"97":{"start":{"line":250,"column":4},"end":{"line":272,"column":5}},"98":{"start":{"line":252,"column":7},"end":{"line":271,"column":9}},"99":{"start":{"line":255,"column":11},"end":{"line":269,"column":12}},"100":{"start":{"line":262,"column":18},"end":{"line":262,"column":80}},"101":{"start":{"line":263,"column":18},"end":{"line":263,"column":65}},"102":{"start":{"line":267,"column":15},"end":{"line":267,"column":80}},"103":{"start":{"line":268,"column":14},"end":{"line":268,"column":69}},"104":{"start":{"line":275,"column":4},"end":{"line":301,"column":5}},"105":{"start":{"line":278,"column":7},"end":{"line":300,"column":9}},"106":{"start":{"line":280,"column":12},"end":{"line":298,"column":12}},"107":{"start":{"line":291,"column":18},"end":{"line":291,"column":80}},"108":{"start":{"line":292,"column":18},"end":{"line":292,"column":65}},"109":{"start":{"line":296,"column":15},"end":{"line":296,"column":80}},"110":{"start":{"line":297,"column":14},"end":{"line":297,"column":69}},"111":{"start":{"line":303,"column":4},"end":{"line":305,"column":5}},"112":{"start":{"line":304,"column":8},"end":{"line":304,"column":118}},"113":{"start":{"line":308,"column":0},"end":{"line":308,"column":45}}},"branchMap":{"1":{"line":149,"type":"if","locations":[{"start":{"line":149,"column":10},"end":{"line":149,"column":10}},{"start":{"line":149,"column":10},"end":{"line":149,"column":10}}]},"2":{"line":161,"type":"if","locations":[{"start":{"line":161,"column":16},"end":{"line":161,"column":16}},{"start":{"line":161,"column":16},"end":{"line":161,"column":16}}]},"3":{"line":186,"type":"if","locations":[{"start":{"line":186,"column":22},"end":{"line":186,"column":22}},{"start":{"line":186,"column":22},"end":{"line":186,"column":22}}]},"4":{"line":226,"type":"if","locations":[{"start":{"line":226,"column":14},"end":{"line":226,"column":14}},{"start":{"line":226,"column":14},"end":{"line":226,"column":14}}]}}},"/Users/arnauddupeyrat/Desktop/master-sw/sweng-team-go/sweng-server/setting/error.js":{"path":"/Users/arnauddupeyrat/Desktop/master-sw/sweng-team-go/sweng-server/setting/error.js","s":{"1":1},"b":{},"f":{},"fnMap":{},"statementMap":{"1":{"start":{"line":4,"column":0},"end":{"line":15,"column":2}}},"branchMap":{}},"/Users/arnauddupeyrat/Desktop/master-sw/sweng-team-go/sweng-server/setting/global.js":{"path":"/Users/arnauddupeyrat/Desktop/master-sw/sweng-team-go/sweng-server/setting/global.js","s":{"1":1},"b":{},"f":{},"fnMap":{},"statementMap":{"1":{"start":{"line":2,"column":0},"end":{"line":9,"column":2}}},"branchMap":{}},"/Users/arnauddupeyrat/Desktop/master-sw/sweng-team-go/sweng-server/apiControler/object/user.js":{"path":"/Users/arnauddupeyrat/Desktop/master-sw/sweng-team-go/sweng-server/apiControler/object/user.js","s":{"1":1,"2":1,"3":1,"4":3,"5":3,"6":3,"7":3,"8":3,"9":3,"10":3,"11":3,"12":3,"13":1,"14":3,"15":3,"16":3,"17":3,"18":1,"19":3,"20":3,"21":2,"22":1,"23":1,"24":1,"25":1},"b":{"1":[2,1]},"f":{"1":1,"2":3,"3":3,"4":3},"fnMap":{"1":{"name":"UserDto","line":3,"loc":{"start":{"line":3,"column":0},"end":{"line":4,"column":0}}},"2":{"name":"(anonymous_2)","line":6,"loc":{"start":{"line":6,"column":35},"end":{"line":6,"column":57}}},"3":{"name":"(anonymous_3)","line":26,"loc":{"start":{"line":26,"column":25},"end":{"line":26,"column":60}}},"4":{"name":"(anonymous_4)","line":33,"loc":{"start":{"line":33,"column":22},"end":{"line":33,"column":43}}}},"statementMap":{"1":{"start":{"line":1,"column":0},"end":{"line":1,"column":41}},"2":{"start":{"line":3,"column":0},"end":{"line":45,"column":1}},"3":{"start":{"line":6,"column":4},"end":{"line":24,"column":5}},"4":{"start":{"line":8,"column":8},"end":{"line":8,"column":74}},"5":{"start":{"line":9,"column":8},"end":{"line":12,"column":20}},"6":{"start":{"line":15,"column":8},"end":{"line":15,"column":61}},"7":{"start":{"line":17,"column":8},"end":{"line":17,"column":38}},"8":{"start":{"line":18,"column":8},"end":{"line":18,"column":43}},"9":{"start":{"line":19,"column":8},"end":{"line":19,"column":38}},"10":{"start":{"line":21,"column":8},"end":{"line":21,"column":43}},"11":{"start":{"line":22,"column":8},"end":{"line":22,"column":67}},"12":{"start":{"line":23,"column":8},"end":{"line":23,"column":26}},"13":{"start":{"line":26,"column":4},"end":{"line":31,"column":5}},"14":{"start":{"line":27,"column":8},"end":{"line":27,"column":64}},"15":{"start":{"line":28,"column":8},"end":{"line":28,"column":38}},"16":{"start":{"line":29,"column":8},"end":{"line":29,"column":42}},"17":{"start":{"line":30,"column":8},"end":{"line":30,"column":26}},"18":{"start":{"line":33,"column":4},"end":{"line":43,"column":5}},"19":{"start":{"line":35,"column":8},"end":{"line":35,"column":33}},"20":{"start":{"line":36,"column":8},"end":{"line":38,"column":9}},"21":{"start":{"line":37,"column":12},"end":{"line":37,"column":20}},"22":{"start":{"line":40,"column":8},"end":{"line":40,"column":47}},"23":{"start":{"line":41,"column":8},"end":{"line":41,"column":102}},"24":{"start":{"line":42,"column":8},"end":{"line":42,"column":19}},"25":{"start":{"line":49,"column":0},"end":{"line":49,"column":31}}},"branchMap":{"1":{"line":36,"type":"if","locations":[{"start":{"line":36,"column":8},"end":{"line":36,"column":8}},{"start":{"line":36,"column":8},"end":{"line":36,"column":8}}]}}},"/Users/arnauddupeyrat/Desktop/master-sw/sweng-team-go/sweng-server/apiControler/utils/Constant.js":{"path":"/Users/arnauddupeyrat/Desktop/master-sw/sweng-team-go/sweng-server/apiControler/utils/Constant.js","s":{"1":1},"b":{},"f":{},"fnMap":{},"statementMap":{"1":{"start":{"line":2,"column":0},"end":{"line":9,"column":2}}},"branchMap":{}},"/Users/arnauddupeyrat/Desktop/master-sw/sweng-team-go/sweng-server/apiControler/database/SequelizeORM.js":{"path":"/Users/arnauddupeyrat/Desktop/master-sw/sweng-team-go/sweng-server/apiControler/database/SequelizeORM.js","s":{"1":1,"2":1,"3":1,"4":1,"5":1,"6":1,"7":1,"8":1,"9":1,"10":0,"11":0,"12":0,"13":1,"14":1,"15":1,"16":1,"17":1,"18":1,"19":1,"20":1,"21":1,"22":1,"23":1,"24":1,"25":1,"26":1,"27":1,"28":0,"29":1,"30":1,"31":1,"32":1,"33":1},"b":{"1":[0,1]},"f":{"1":1,"2":1,"3":1,"4":1,"5":0,"6":1},"fnMap":{"1":{"name":"BaseDeDonnee","line":7,"loc":{"start":{"line":7,"column":0},"end":{"line":8,"column":0}}},"2":{"name":"(anonymous_2)","line":81,"loc":{"start":{"line":81,"column":32},"end":{"line":81,"column":42}}},"3":{"name":"(anonymous_3)","line":87,"loc":{"start":{"line":87,"column":25},"end":{"line":87,"column":35}}},"4":{"name":"(anonymous_4)","line":90,"loc":{"start":{"line":90,"column":49},"end":{"line":90,"column":61}}},"5":{"name":"(anonymous_5)","line":94,"loc":{"start":{"line":94,"column":24},"end":{"line":94,"column":48}}},"6":{"name":"(anonymous_6)","line":97,"loc":{"start":{"line":97,"column":25},"end":{"line":97,"column":41}}}},"statementMap":{"1":{"start":{"line":1,"column":0},"end":{"line":1,"column":23}},"2":{"start":{"line":2,"column":0},"end":{"line":2,"column":58}},"3":{"start":{"line":3,"column":0},"end":{"line":3,"column":41}},"4":{"start":{"line":4,"column":0},"end":{"line":4,"column":37}},"5":{"start":{"line":5,"column":0},"end":{"line":5,"column":47}},"6":{"start":{"line":7,"column":0},"end":{"line":103,"column":1}},"7":{"start":{"line":10,"column":6},"end":{"line":10,"column":29}},"8":{"start":{"line":11,"column":6},"end":{"line":11,"column":32}},"9":{"start":{"line":13,"column":6},"end":{"line":34,"column":7}},"10":{"start":{"line":14,"column":10},"end":{"line":14,"column":76}},"11":{"start":{"line":15,"column":10},"end":{"line":15,"column":50}},"12":{"start":{"line":16,"column":10},"end":{"line":21,"column":13}},"13":{"start":{"line":25,"column":10},"end":{"line":25,"column":75}},"14":{"start":{"line":26,"column":10},"end":{"line":26,"column":54}},"15":{"start":{"line":27,"column":10},"end":{"line":33,"column":13}},"16":{"start":{"line":35,"column":6},"end":{"line":35,"column":69}},"17":{"start":{"line":38,"column":4},"end":{"line":55,"column":6}},"18":{"start":{"line":59,"column":4},"end":{"line":67,"column":6}},"19":{"start":{"line":70,"column":4},"end":{"line":77,"column":6}},"20":{"start":{"line":79,"column":4},"end":{"line":79,"column":30}},"21":{"start":{"line":81,"column":4},"end":{"line":85,"column":5}},"22":{"start":{"line":82,"column":6},"end":{"line":82,"column":35}},"23":{"start":{"line":83,"column":6},"end":{"line":83,"column":79}},"24":{"start":{"line":84,"column":6},"end":{"line":84,"column":61}},"25":{"start":{"line":87,"column":4},"end":{"line":101,"column":5}},"26":{"start":{"line":90,"column":10},"end":{"line":100,"column":13}},"27":{"start":{"line":92,"column":16},"end":{"line":99,"column":18}},"28":{"start":{"line":95,"column":24},"end":{"line":95,"column":80}},"29":{"start":{"line":98,"column":21},"end":{"line":98,"column":92}},"30":{"start":{"line":105,"column":0},"end":{"line":105,"column":38}},"31":{"start":{"line":106,"column":0},"end":{"line":106,"column":36}},"32":{"start":{"line":107,"column":0},"end":{"line":107,"column":29}},"33":{"start":{"line":110,"column":0},"end":{"line":110,"column":30}}},"branchMap":{"1":{"line":13,"type":"if","locations":[{"start":{"line":13,"column":6},"end":{"line":13,"column":6}},{"start":{"line":13,"column":6},"end":{"line":13,"column":6}}]}}},"/Users/arnauddupeyrat/Desktop/master-sw/sweng-team-go/sweng-server/apiControler/routing/music.js":{"path":"/Users/arnauddupeyrat/Desktop/master-sw/sweng-team-go/sweng-server/apiControler/routing/music.js","s":{"1":1,"2":1,"3":1,"4":1,"5":1,"6":1,"7":1,"8":2,"9":2,"10":2,"11":2,"12":0,"13":3,"14":3,"15":3,"16":3,"17":3,"18":0,"19":1},"b":{"1":[2,0],"2":[3,0]},"f":{"1":2,"2":2,"3":3,"4":3},"fnMap":{"1":{"name":"(anonymous_1)","line":12,"loc":{"start":{"line":12,"column":9},"end":{"line":13,"column":4}}},"2":{"name":"(anonymous_2)","line":16,"loc":{"start":{"line":16,"column":50},"end":{"line":16,"column":77}}},"3":{"name":"(anonymous_3)","line":25,"loc":{"start":{"line":25,"column":10},"end":{"line":26,"column":4}}},"4":{"name":"(anonymous_4)","line":33,"loc":{"start":{"line":33,"column":62},"end":{"line":33,"column":89}}}},"statementMap":{"1":{"start":{"line":1,"column":0},"end":{"line":1,"column":36}},"2":{"start":{"line":2,"column":0},"end":{"line":2,"column":37}},"3":{"start":{"line":3,"column":0},"end":{"line":3,"column":39}},"4":{"start":{"line":4,"column":0},"end":{"line":4,"column":58}},"5":{"start":{"line":5,"column":0},"end":{"line":5,"column":57}},"6":{"start":{"line":6,"column":0},"end":{"line":6,"column":52}},"7":{"start":{"line":9,"column":0},"end":{"line":40,"column":7}},"8":{"start":{"line":14,"column":8},"end":{"line":14,"column":50}},"9":{"start":{"line":15,"column":8},"end":{"line":22,"column":9}},"10":{"start":{"line":16,"column":12},"end":{"line":18,"column":15}},"11":{"start":{"line":17,"column":16},"end":{"line":17,"column":51}},"12":{"start":{"line":21,"column":11},"end":{"line":21,"column":52}},"13":{"start":{"line":27,"column":8},"end":{"line":27,"column":57}},"14":{"start":{"line":28,"column":8},"end":{"line":28,"column":69}},"15":{"start":{"line":31,"column":8},"end":{"line":39,"column":9}},"16":{"start":{"line":33,"column":12},"end":{"line":35,"column":15}},"17":{"start":{"line":34,"column":16},"end":{"line":34,"column":51}},"18":{"start":{"line":38,"column":11},"end":{"line":38,"column":52}},"19":{"start":{"line":44,"column":0},"end":{"line":44,"column":24}}},"branchMap":{"1":{"line":15,"type":"if","locations":[{"start":{"line":15,"column":8},"end":{"line":15,"column":8}},{"start":{"line":15,"column":8},"end":{"line":15,"column":8}}]},"2":{"line":31,"type":"if","locations":[{"start":{"line":31,"column":8},"end":{"line":31,"column":8}},{"start":{"line":31,"column":8},"end":{"line":31,"column":8}}]}}},"/Users/arnauddupeyrat/Desktop/master-sw/sweng-team-go/sweng-server/apiControler/model/musicModel.js":{"path":"/Users/arnauddupeyrat/Desktop/master-sw/sweng-team-go/sweng-server/apiControler/model/musicModel.js","s":{"1":1,"2":1,"3":1,"4":1,"5":1,"6":1,"7":1,"8":1,"9":1,"10":1,"11":1,"12":1,"13":1,"14":2,"15":2,"16":2,"17":2,"18":1,"19":1,"20":1,"21":1,"22":3,"23":3,"24":0,"25":3,"26":3,"27":116,"28":1,"29":116,"30":4,"31":116,"32":2,"33":116,"34":3,"35":3,"36":3,"37":3,"38":3,"39":3,"40":3,"41":3,"42":3,"43":0,"44":0,"45":0,"46":0,"47":1,"48":3,"49":3,"50":3,"51":3,"52":3,"53":3,"54":3,"55":1},"b":{"1":[0,3],"2":[1,115],"3":[4,112],"4":[2,114],"5":[1,2],"6":[0,3]},"f":{"1":1,"2":2,"3":2,"4":2,"5":1,"6":3,"7":3,"8":3,"9":3,"10":3,"11":3,"12":0,"13":0,"14":3},"fnMap":{"1":{"name":"controlerMusic","line":22,"loc":{"start":{"line":22,"column":0},"end":{"line":22,"column":25}}},"2":{"name":"(anonymous_2)","line":25,"loc":{"start":{"line":25,"column":18},"end":{"line":25,"column":44}}},"3":{"name":"(anonymous_3)","line":30,"loc":{"start":{"line":30,"column":27},"end":{"line":30,"column":39}}},"4":{"name":"(anonymous_4)","line":38,"loc":{"start":{"line":38,"column":24},"end":{"line":38,"column":43}}},"5":{"name":"(anonymous_5)","line":43,"loc":{"start":{"line":43,"column":25},"end":{"line":43,"column":41}}},"6":{"name":"(anonymous_6)","line":51,"loc":{"start":{"line":51,"column":23},"end":{"line":51,"column":63}}},"7":{"name":"(anonymous_7)","line":54,"loc":{"start":{"line":54,"column":90},"end":{"line":54,"column":103}}},"8":{"name":"(anonymous_8)","line":86,"loc":{"start":{"line":86,"column":35},"end":{"line":86,"column":47}}},"9":{"name":"(anonymous_9)","line":96,"loc":{"start":{"line":96,"column":26},"end":{"line":96,"column":48}}},"10":{"name":"(anonymous_10)","line":99,"loc":{"start":{"line":99,"column":39},"end":{"line":99,"column":51}}},"11":{"name":"(anonymous_11)","line":106,"loc":{"start":{"line":106,"column":34},"end":{"line":106,"column":52}}},"12":{"name":"(anonymous_12)","line":114,"loc":{"start":{"line":114,"column":35},"end":{"line":114,"column":51}}},"13":{"name":"(anonymous_13)","line":121,"loc":{"start":{"line":121,"column":27},"end":{"line":121,"column":43}}},"14":{"name":"(anonymous_14)","line":133,"loc":{"start":{"line":133,"column":29},"end":{"line":133,"column":60}}}},"statementMap":{"1":{"start":{"line":2,"column":0},"end":{"line":2,"column":33}},"2":{"start":{"line":3,"column":0},"end":{"line":3,"column":27}},"3":{"start":{"line":4,"column":0},"end":{"line":4,"column":48}},"4":{"start":{"line":5,"column":0},"end":{"line":5,"column":58}},"5":{"start":{"line":6,"column":0},"end":{"line":6,"column":54}},"6":{"start":{"line":7,"column":0},"end":{"line":7,"column":54}},"7":{"start":{"line":8,"column":0},"end":{"line":8,"column":41}},"8":{"start":{"line":12,"column":0},"end":{"line":12,"column":58}},"9":{"start":{"line":13,"column":0},"end":{"line":13,"column":55}},"10":{"start":{"line":14,"column":0},"end":{"line":14,"column":57}},"11":{"start":{"line":17,"column":0},"end":{"line":17,"column":73}},"12":{"start":{"line":22,"column":0},"end":{"line":144,"column":1}},"13":{"start":{"line":25,"column":2},"end":{"line":48,"column":5}},"14":{"start":{"line":27,"column":6},"end":{"line":27,"column":70}},"15":{"start":{"line":30,"column":9},"end":{"line":47,"column":13}},"16":{"start":{"line":33,"column":13},"end":{"line":46,"column":17}},"17":{"start":{"line":40,"column":20},"end":{"line":40,"column":98}},"18":{"start":{"line":41,"column":20},"end":{"line":41,"column":71}},"19":{"start":{"line":44,"column":20},"end":{"line":44,"column":65}},"20":{"start":{"line":45,"column":20},"end":{"line":45,"column":75}},"21":{"start":{"line":51,"column":4},"end":{"line":130,"column":6}},"22":{"start":{"line":54,"column":8},"end":{"line":129,"column":10}},"23":{"start":{"line":57,"column":10},"end":{"line":127,"column":13}},"24":{"start":{"line":58,"column":11},"end":{"line":58,"column":66}},"25":{"start":{"line":61,"column":16},"end":{"line":61,"column":55}},"26":{"start":{"line":64,"column":16},"end":{"line":82,"column":17}},"27":{"start":{"line":66,"column":18},"end":{"line":71,"column":19}},"28":{"start":{"line":67,"column":20},"end":{"line":70,"column":29}},"29":{"start":{"line":74,"column":18},"end":{"line":76,"column":19}},"30":{"start":{"line":75,"column":22},"end":{"line":75,"column":41}},"31":{"start":{"line":78,"column":17},"end":{"line":80,"column":19}},"32":{"start":{"line":79,"column":22},"end":{"line":79,"column":40}},"33":{"start":{"line":81,"column":18},"end":{"line":81,"column":31}},"34":{"start":{"line":86,"column":15},"end":{"line":126,"column":17}},"35":{"start":{"line":89,"column":20},"end":{"line":124,"column":20}},"36":{"start":{"line":97,"column":22},"end":{"line":97,"column":47}},"37":{"start":{"line":99,"column":22},"end":{"line":118,"column":25}},"38":{"start":{"line":101,"column":23},"end":{"line":117,"column":29}},"39":{"start":{"line":109,"column":30},"end":{"line":109,"column":70}},"40":{"start":{"line":110,"column":30},"end":{"line":110,"column":63}},"41":{"start":{"line":111,"column":30},"end":{"line":111,"column":111}},"42":{"start":{"line":112,"column":30},"end":{"line":112,"column":81}},"43":{"start":{"line":115,"column":30},"end":{"line":115,"column":75}},"44":{"start":{"line":116,"column":30},"end":{"line":116,"column":85}},"45":{"start":{"line":122,"column":22},"end":{"line":122,"column":87}},"46":{"start":{"line":123,"column":22},"end":{"line":123,"column":77}},"47":{"start":{"line":133,"column":4},"end":{"line":143,"column":5}},"48":{"start":{"line":134,"column":6},"end":{"line":134,"column":75}},"49":{"start":{"line":135,"column":6},"end":{"line":135,"column":75}},"50":{"start":{"line":136,"column":6},"end":{"line":136,"column":36}},"51":{"start":{"line":138,"column":6},"end":{"line":138,"column":33}},"52":{"start":{"line":139,"column":6},"end":{"line":139,"column":31}},"53":{"start":{"line":140,"column":6},"end":{"line":140,"column":32}},"54":{"start":{"line":142,"column":6},"end":{"line":142,"column":103}},"55":{"start":{"line":146,"column":0},"end":{"line":146,"column":38}}},"branchMap":{"1":{"line":57,"type":"if","locations":[{"start":{"line":57,"column":10},"end":{"line":57,"column":10}},{"start":{"line":57,"column":10},"end":{"line":57,"column":10}}]},"2":{"line":66,"type":"if","locations":[{"start":{"line":66,"column":18},"end":{"line":66,"column":18}},{"start":{"line":66,"column":18},"end":{"line":66,"column":18}}]},"3":{"line":74,"type":"if","locations":[{"start":{"line":74,"column":18},"end":{"line":74,"column":18}},{"start":{"line":74,"column":18},"end":{"line":74,"column":18}}]},"4":{"line":78,"type":"if","locations":[{"start":{"line":78,"column":17},"end":{"line":78,"column":17}},{"start":{"line":78,"column":17},"end":{"line":78,"column":17}}]},"5":{"line":134,"type":"cond-expr","locations":[{"start":{"line":134,"column":47},"end":{"line":134,"column":49}},{"start":{"line":134,"column":52},"end":{"line":134,"column":74}}]},"6":{"line":135,"type":"cond-expr","locations":[{"start":{"line":135,"column":47},"end":{"line":135,"column":49}},{"start":{"line":135,"column":52},"end":{"line":135,"column":74}}]}}},"/Users/arnauddupeyrat/Desktop/master-sw/sweng-team-go/sweng-server/apiControler/object/music.js":{"path":"/Users/arnauddupeyrat/Desktop/master-sw/sweng-team-go/sweng-server/apiControler/object/music.js","s":{"1":1,"2":1,"3":1,"4":5,"5":5,"6":5,"7":5,"8":5,"9":1},"b":{},"f":{"1":1,"2":5},"fnMap":{"1":{"name":"MusicDto","line":3,"loc":{"start":{"line":3,"column":0},"end":{"line":4,"column":0}}},"2":{"name":"(anonymous_2)","line":6,"loc":{"start":{"line":6,"column":35},"end":{"line":6,"column":58}}}},"statementMap":{"1":{"start":{"line":1,"column":0},"end":{"line":1,"column":41}},"2":{"start":{"line":3,"column":0},"end":{"line":16,"column":1}},"3":{"start":{"line":6,"column":4},"end":{"line":14,"column":5}},"4":{"start":{"line":8,"column":8},"end":{"line":8,"column":74}},"5":{"start":{"line":10,"column":8},"end":{"line":10,"column":39}},"6":{"start":{"line":11,"column":8},"end":{"line":11,"column":39}},"7":{"start":{"line":12,"column":8},"end":{"line":12,"column":36}},"8":{"start":{"line":13,"column":8},"end":{"line":13,"column":27}},"9":{"start":{"line":20,"column":0},"end":{"line":20,"column":32}}},"branchMap":{}}}