TN:
SF:/Users/arnauddupeyrat/Desktop/master-sw/sweng-team-go/sweng-server/app.js
FN:55,(anonymous_1)
FN:66,(anonymous_2)
FN:77,(anonymous_3)
FNF:3
FNH:0
FNDA:0,(anonymous_1)
FNDA:0,(anonymous_2)
FNDA:0,(anonymous_3)
DA:3,1
DA:4,1
DA:5,1
DA:6,1
DA:7,1
DA:8,1
DA:9,1
DA:14,1
DA:17,1
DA:18,1
DA:19,1
DA:20,1
DA:21,1
DA:22,1
DA:25,1
DA:26,0
DA:34,1
DA:36,1
DA:40,1
DA:41,1
DA:42,1
DA:44,1
DA:45,1
DA:46,1
DA:49,1
DA:50,1
DA:52,1
DA:55,1
DA:56,0
DA:57,0
DA:58,0
DA:65,1
DA:66,0
DA:67,0
DA:68,0
DA:77,1
DA:78,0
DA:79,0
DA:86,1
LF:39
LH:30
BRDA:25,1,0,0
BRDA:25,1,1,1
BRDA:65,2,0,0
BRDA:65,2,1,1
BRDA:67,3,0,0
BRDA:67,3,1,0
BRDA:78,4,0,0
BRDA:78,4,1,0
BRF:8
BRH:2
end_of_record
TN:
SF:/Users/arnauddupeyrat/Desktop/master-sw/sweng-team-go/sweng-server/apiControler/utils/Utils.js
FN:25,Utils
FN:28,(anonymous_2)
FN:32,(anonymous_3)
FN:36,(anonymous_4)
FN:40,(anonymous_5)
FN:44,(anonymous_6)
FN:49,(anonymous_7)
FN:55,(anonymous_8)
FNF:8
FNH:5
FNDA:1,Utils
FNDA:62,(anonymous_2)
FNDA:5,(anonymous_3)
FNDA:0,(anonymous_4)
FNDA:8,(anonymous_5)
FNDA:75,(anonymous_6)
FNDA:0,(anonymous_7)
FNDA:0,(anonymous_8)
DA:1,1
DA:7,1
DA:9,0
DA:17,1
DA:25,1
DA:28,1
DA:29,62
DA:32,1
DA:33,5
DA:36,1
DA:37,0
DA:40,1
DA:41,8
DA:44,1
DA:45,75
DA:49,1
DA:50,0
DA:52,0
DA:55,1
DA:56,0
DA:57,0
DA:63,1
LF:22
LH:16
BRDA:7,1,0,0
BRDA:7,1,1,1
BRF:2
BRH:1
end_of_record
TN:
SF:/Users/arnauddupeyrat/Desktop/master-sw/sweng-team-go/sweng-server/apiControler/database/postgres.js
FN:5,BaseDeDonnee
FN:21,(anonymous_2)
FN:25,(anonymous_3)
FNF:3
FNH:3
FNDA:1,BaseDeDonnee
FNDA:1,(anonymous_2)
FNDA:1,(anonymous_3)
DA:1,1
DA:2,1
DA:3,1
DA:5,1
DA:9,1
DA:10,1
DA:11,0
DA:12,0
DA:15,1
DA:16,1
DA:20,1
DA:21,1
DA:24,1
DA:25,1
DA:28,1
DA:30,0
DA:34,1
DA:35,1
DA:41,1
DA:43,1
LF:20
LH:17
BRDA:10,1,0,0
BRDA:10,1,1,1
BRDA:28,2,0,0
BRDA:28,2,1,1
BRF:4
BRH:2
end_of_record
TN:
SF:/Users/arnauddupeyrat/Desktop/master-sw/sweng-team-go/sweng-server/setting/database.js
FNF:0
FNH:0
DA:2,1
LF:1
LH:1
BRF:0
BRH:0
end_of_record
TN:
SF:/Users/arnauddupeyrat/Desktop/master-sw/sweng-team-go/sweng-server/routes/index.js
FN:5,(anonymous_1)
FNF:1
FNH:0
FNDA:0,(anonymous_1)
DA:1,1
DA:2,1
DA:5,1
DA:6,0
DA:9,1
LF:5
LH:4
BRF:0
BRH:0
end_of_record
TN:
SF:/Users/arnauddupeyrat/Desktop/master-sw/sweng-team-go/sweng-server/apiControler/routing/users.js
FN:12,(anonymous_1)
FN:20,(anonymous_2)
FN:33,(anonymous_3)
FN:37,(anonymous_4)
FN:47,(anonymous_5)
FN:51,(anonymous_6)
FN:61,(anonymous_7)
FN:66,(anonymous_8)
FN:81,(anonymous_9)
FN:89,(anonymous_10)
FN:101,(anonymous_11)
FN:109,(anonymous_12)
FNF:12
FNH:8
FNDA:2,(anonymous_1)
FNDA:2,(anonymous_2)
FNDA:2,(anonymous_3)
FNDA:2,(anonymous_4)
FNDA:2,(anonymous_5)
FNDA:2,(anonymous_6)
FNDA:1,(anonymous_7)
FNDA:1,(anonymous_8)
FNDA:0,(anonymous_9)
FNDA:0,(anonymous_10)
FNDA:0,(anonymous_11)
FNDA:0,(anonymous_12)
DA:1,1
DA:2,1
DA:3,1
DA:4,1
DA:5,1
DA:6,1
DA:9,1
DA:14,2
DA:15,2
DA:18,2
DA:20,2
DA:21,2
DA:25,0
DA:30,1
DA:35,2
DA:36,2
DA:37,2
DA:38,2
DA:42,0
DA:49,2
DA:50,2
DA:51,2
DA:52,2
DA:56,0
DA:63,1
DA:64,1
DA:65,1
DA:66,1
DA:67,1
DA:71,0
DA:72,0
DA:78,1
DA:83,0
DA:84,0
DA:87,0
DA:89,0
DA:90,0
DA:94,0
DA:99,1
DA:103,0
DA:104,0
DA:107,0
DA:109,0
DA:110,0
DA:114,0
DA:119,1
LF:46
LH:29
BRDA:18,1,0,2
BRDA:18,1,1,0
BRDA:36,2,0,2
BRDA:36,2,1,0
BRDA:50,3,0,2
BRDA:50,3,1,0
BRDA:65,4,0,1
BRDA:65,4,1,0
BRDA:65,5,0,1
BRDA:65,5,1,1
BRDA:87,6,0,0
BRDA:87,6,1,0
BRDA:107,7,0,0
BRDA:107,7,1,0
BRF:14
BRH:6
end_of_record
TN:
SF:/Users/arnauddupeyrat/Desktop/master-sw/sweng-team-go/sweng-server/apiControler/model/userModel.js
FN:25,controllerUtilisateur
FN:28,(anonymous_2)
FN:37,(anonymous_3)
FN:49,(anonymous_4)
FN:57,(anonymous_5)
FN:64,(anonymous_6)
FN:71,(anonymous_7)
FN:81,(anonymous_8)
FN:85,(anonymous_9)
FN:91,(anonymous_10)
FN:94,(anonymous_11)
FN:99,(anonymous_12)
FN:104,(anonymous_13)
FN:112,(anonymous_14)
FN:117,(anonymous_15)
FN:124,(anonymous_16)
FN:132,(anonymous_17)
FN:141,(anonymous_18)
FN:146,(anonymous_19)
FN:169,(anonymous_20)
FN:181,(anonymous_21)
FN:197,(anonymous_22)
FN:208,(anonymous_23)
FN:213,(anonymous_24)
FN:224,(anonymous_25)
FN:235,(anonymous_26)
FN:245,(anonymous_27)
FN:250,(anonymous_28)
FN:252,(anonymous_29)
FN:261,(anonymous_30)
FN:266,(anonymous_31)
FN:275,(anonymous_32)
FN:278,(anonymous_33)
FN:290,(anonymous_34)
FN:295,(anonymous_35)
FN:303,(anonymous_36)
FNF:36
FNH:22
FNDA:1,controllerUtilisateur
FNDA:1,(anonymous_2)
FNDA:1,(anonymous_3)
FNDA:1,(anonymous_4)
FNDA:1,(anonymous_5)
FNDA:0,(anonymous_6)
FNDA:0,(anonymous_7)
FNDA:2,(anonymous_8)
FNDA:2,(anonymous_9)
FNDA:2,(anonymous_10)
FNDA:1,(anonymous_11)
FNDA:0,(anonymous_12)
FNDA:1,(anonymous_13)
FNDA:0,(anonymous_14)
FNDA:0,(anonymous_15)
FNDA:0,(anonymous_16)
FNDA:0,(anonymous_17)
FNDA:2,(anonymous_18)
FNDA:2,(anonymous_19)
FNDA:1,(anonymous_20)
FNDA:1,(anonymous_21)
FNDA:0,(anonymous_22)
FNDA:0,(anonymous_23)
FNDA:0,(anonymous_24)
FNDA:0,(anonymous_25)
FNDA:0,(anonymous_26)
FNDA:2,(anonymous_27)
FNDA:2,(anonymous_28)
FNDA:2,(anonymous_29)
FNDA:2,(anonymous_30)
FNDA:0,(anonymous_31)
FNDA:1,(anonymous_32)
FNDA:1,(anonymous_33)
FNDA:1,(anonymous_34)
FNDA:0,(anonymous_35)
FNDA:4,(anonymous_36)
DA:2,1
DA:3,1
DA:4,1
DA:5,1
DA:6,1
DA:7,1
DA:8,1
DA:9,1
DA:12,1
DA:13,1
DA:14,1
DA:15,1
DA:19,1
DA:20,1
DA:25,1
DA:28,1
DA:31,1
DA:32,1
DA:33,1
DA:37,1
DA:39,1
DA:51,1
DA:54,1
DA:57,1
DA:58,1
DA:61,1
DA:62,1
DA:63,1
DA:65,0
DA:66,0
DA:72,0
DA:73,0
DA:81,1
DA:83,2
DA:84,2
DA:85,2
DA:87,2
DA:93,2
DA:94,2
DA:95,1
DA:96,1
DA:97,1
DA:98,1
DA:100,0
DA:101,0
DA:105,1
DA:106,1
DA:112,1
DA:114,0
DA:115,0
DA:117,0
DA:119,0
DA:126,0
DA:127,0
DA:128,0
DA:129,0
DA:130,0
DA:134,0
DA:135,0
DA:141,1
DA:143,2
DA:146,2
DA:149,2
DA:150,1
DA:154,1
DA:156,1
DA:158,1
DA:160,1
DA:161,1
DA:162,1
DA:165,0
DA:169,1
DA:171,1
DA:182,1
DA:186,1
DA:187,1
DA:188,1
DA:192,0
DA:193,0
DA:198,0
DA:199,0
DA:208,1
DA:209,0
DA:210,0
DA:213,0
DA:215,0
DA:226,0
DA:227,0
DA:228,0
DA:232,0
DA:233,0
DA:236,0
DA:237,0
DA:245,1
DA:246,2
DA:247,2
DA:250,1
DA:252,2
DA:255,2
DA:262,2
DA:263,2
DA:267,0
DA:268,0
DA:275,1
DA:278,1
DA:280,1
DA:291,1
DA:292,1
DA:296,0
DA:297,0
DA:303,1
DA:304,4
DA:308,1
LF:113
LH:76
BRDA:149,1,0,1
BRDA:149,1,1,1
BRDA:161,2,0,1
BRDA:161,2,1,0
BRDA:186,3,0,1
BRDA:186,3,1,0
BRDA:226,4,0,0
BRDA:226,4,1,0
BRF:8
BRH:4
end_of_record
TN:
SF:/Users/arnauddupeyrat/Desktop/master-sw/sweng-team-go/sweng-server/setting/error.js
FNF:0
FNH:0
DA:4,1
LF:1
LH:1
BRF:0
BRH:0
end_of_record
TN:
SF:/Users/arnauddupeyrat/Desktop/master-sw/sweng-team-go/sweng-server/setting/global.js
FNF:0
FNH:0
DA:2,1
LF:1
LH:1
BRF:0
BRH:0
end_of_record
TN:
SF:/Users/arnauddupeyrat/Desktop/master-sw/sweng-team-go/sweng-server/apiControler/object/user.js
FN:3,UserDto
FN:6,(anonymous_2)
FN:26,(anonymous_3)
FN:33,(anonymous_4)
FNF:4
FNH:4
FNDA:1,UserDto
FNDA:3,(anonymous_2)
FNDA:3,(anonymous_3)
FNDA:3,(anonymous_4)
DA:1,1
DA:3,1
DA:6,1
DA:8,3
DA:9,3
DA:15,3
DA:17,3
DA:18,3
DA:19,3
DA:21,3
DA:22,3
DA:23,3
DA:26,1
DA:27,3
DA:28,3
DA:29,3
DA:30,3
DA:33,1
DA:35,3
DA:36,3
DA:37,2
DA:40,1
DA:41,1
DA:42,1
DA:49,1
LF:25
LH:25
BRDA:36,1,0,2
BRDA:36,1,1,1
BRF:2
BRH:2
end_of_record
TN:
SF:/Users/arnauddupeyrat/Desktop/master-sw/sweng-team-go/sweng-server/apiControler/utils/Constant.js
FNF:0
FNH:0
DA:2,1
LF:1
LH:1
BRF:0
BRH:0
end_of_record
TN:
SF:/Users/arnauddupeyrat/Desktop/master-sw/sweng-team-go/sweng-server/apiControler/database/SequelizeORM.js
FN:7,BaseDeDonnee
FN:81,(anonymous_2)
FN:87,(anonymous_3)
FN:90,(anonymous_4)
FN:94,(anonymous_5)
FN:97,(anonymous_6)
FNF:6
FNH:5
FNDA:1,BaseDeDonnee
FNDA:1,(anonymous_2)
FNDA:1,(anonymous_3)
FNDA:1,(anonymous_4)
FNDA:0,(anonymous_5)
FNDA:1,(anonymous_6)
DA:1,1
DA:2,1
DA:3,1
DA:4,1
DA:5,1
DA:7,1
DA:10,1
DA:11,1
DA:13,1
DA:14,0
DA:15,0
DA:16,0
DA:25,1
DA:26,1
DA:27,1
DA:35,1
DA:38,1
DA:59,1
DA:70,1
DA:79,1
DA:81,1
DA:82,1
DA:83,1
DA:84,1
DA:87,1
DA:90,1
DA:92,1
DA:95,0
DA:98,1
DA:105,1
DA:106,1
DA:107,1
DA:110,1
LF:33
LH:29
BRDA:13,1,0,0
BRDA:13,1,1,1
BRF:2
BRH:1
end_of_record
TN:
SF:/Users/arnauddupeyrat/Desktop/master-sw/sweng-team-go/sweng-server/apiControler/routing/music.js
FN:12,(anonymous_1)
FN:16,(anonymous_2)
FN:25,(anonymous_3)
FN:33,(anonymous_4)
FNF:4
FNH:4
FNDA:2,(anonymous_1)
FNDA:2,(anonymous_2)
FNDA:3,(anonymous_3)
FNDA:3,(anonymous_4)
DA:1,1
DA:2,1
DA:3,1
DA:4,1
DA:5,1
DA:6,1
DA:9,1
DA:14,2
DA:15,2
DA:16,2
DA:17,2
DA:21,0
DA:27,3
DA:28,3
DA:31,3
DA:33,3
DA:34,3
DA:38,0
DA:44,1
LF:19
LH:17
BRDA:15,1,0,2
BRDA:15,1,1,0
BRDA:31,2,0,3
BRDA:31,2,1,0
BRF:4
BRH:2
end_of_record
TN:
SF:/Users/arnauddupeyrat/Desktop/master-sw/sweng-team-go/sweng-server/apiControler/model/musicModel.js
FN:22,controlerMusic
FN:25,(anonymous_2)
FN:30,(anonymous_3)
FN:38,(anonymous_4)
FN:43,(anonymous_5)
FN:51,(anonymous_6)
FN:54,(anonymous_7)
FN:86,(anonymous_8)
FN:96,(anonymous_9)
FN:99,(anonymous_10)
FN:106,(anonymous_11)
FN:114,(anonymous_12)
FN:121,(anonymous_13)
FN:133,(anonymous_14)
FNF:14
FNH:12
FNDA:1,controlerMusic
FNDA:2,(anonymous_2)
FNDA:2,(anonymous_3)
FNDA:2,(anonymous_4)
FNDA:1,(anonymous_5)
FNDA:3,(anonymous_6)
FNDA:3,(anonymous_7)
FNDA:3,(anonymous_8)
FNDA:3,(anonymous_9)
FNDA:3,(anonymous_10)
FNDA:3,(anonymous_11)
FNDA:0,(anonymous_12)
FNDA:0,(anonymous_13)
FNDA:3,(anonymous_14)
DA:2,1
DA:3,1
DA:4,1
DA:5,1
DA:6,1
DA:7,1
DA:8,1
DA:12,1
DA:13,1
DA:14,1
DA:17,1
DA:22,1
DA:25,1
DA:27,2
DA:30,2
DA:33,2
DA:40,2
DA:41,1
DA:44,1
DA:45,1
DA:51,1
DA:54,3
DA:57,3
DA:58,0
DA:61,3
DA:64,3
DA:66,116
DA:67,1
DA:74,116
DA:75,4
DA:78,116
DA:79,2
DA:81,116
DA:86,3
DA:89,3
DA:97,3
DA:99,3
DA:101,3
DA:109,3
DA:110,3
DA:111,3
DA:112,3
DA:115,0
DA:116,0
DA:122,0
DA:123,0
DA:133,1
DA:134,3
DA:135,3
DA:136,3
DA:138,3
DA:139,3
DA:140,3
DA:142,3
DA:146,1
LF:55
LH:50
BRDA:57,1,0,0
BRDA:57,1,1,3
BRDA:66,2,0,1
BRDA:66,2,1,115
BRDA:74,3,0,4
BRDA:74,3,1,112
BRDA:78,4,0,2
BRDA:78,4,1,114
BRDA:134,5,0,1
BRDA:134,5,1,2
BRDA:135,6,0,0
BRDA:135,6,1,3
BRF:12
BRH:10
end_of_record
TN:
SF:/Users/arnauddupeyrat/Desktop/master-sw/sweng-team-go/sweng-server/apiControler/object/music.js
FN:3,MusicDto
FN:6,(anonymous_2)
FNF:2
FNH:2
FNDA:1,MusicDto
FNDA:5,(anonymous_2)
DA:1,1
DA:3,1
DA:6,1
DA:8,5
DA:10,5
DA:11,5
DA:12,5
DA:13,5
DA:20,1
LF:9
LH:9
BRF:0
BRH:0
end_of_record
